{"/Users/naveen/Documents/ijpdealscraper/postcss.config.js": {"path":"/Users/naveen/Documents/ijpdealscraper/postcss.config.js","all":true,"statementMap":{"0":{"start":{"line":1,"column":0},"end":{"line":1,"column":16}},"1":{"start":{"line":2,"column":0},"end":{"line":2,"column":12}},"2":{"start":{"line":3,"column":0},"end":{"line":3,"column":20}},"3":{"start":{"line":4,"column":0},"end":{"line":4,"column":21}},"4":{"start":{"line":5,"column":0},"end":{"line":5,"column":4}},"5":{"start":{"line":6,"column":0},"end":{"line":6,"column":2}}},"s":{"0":0,"1":0,"2":0,"3":0,"4":0,"5":0},"branchMap":{"0":{"type":"branch","line":1,"loc":{"start":{"line":1,"column":0},"end":{"line":6,"column":-11}},"locations":[{"start":{"line":1,"column":0},"end":{"line":6,"column":-11}}]}},"b":{"0":[0]},"fnMap":{"0":{"name":"(empty-report)","decl":{"start":{"line":1,"column":0},"end":{"line":6,"column":-11}},"loc":{"start":{"line":1,"column":0},"end":{"line":6,"column":-11}},"line":1}},"f":{"0":0}}
,"/Users/naveen/Documents/ijpdealscraper/tailwind.config.ts": {"path":"/Users/naveen/Documents/ijpdealscraper/tailwind.config.ts","all":true,"statementMap":{"2":{"start":{"line":3,"column":0},"end":{"line":3,"column":16}},"3":{"start":{"line":4,"column":0},"end":{"line":4,"column":22}},"4":{"start":{"line":5,"column":0},"end":{"line":5,"column":113}},"5":{"start":{"line":6,"column":0},"end":{"line":6,"column":13}},"6":{"start":{"line":7,"column":0},"end":{"line":7,"column":10}},"7":{"start":{"line":8,"column":0},"end":{"line":8,"column":16}},"8":{"start":{"line":9,"column":0},"end":{"line":9,"column":19}},"9":{"start":{"line":10,"column":0},"end":{"line":10,"column":22}},"10":{"start":{"line":11,"column":0},"end":{"line":11,"column":16}},"11":{"start":{"line":12,"column":0},"end":{"line":12,"column":24}},"12":{"start":{"line":13,"column":0},"end":{"line":13,"column":8}},"13":{"start":{"line":14,"column":0},"end":{"line":14,"column":6}},"14":{"start":{"line":15,"column":0},"end":{"line":15,"column":13}},"15":{"start":{"line":16,"column":0},"end":{"line":16,"column":19}},"16":{"start":{"line":17,"column":0},"end":{"line":17,"column":53}},"17":{"start":{"line":18,"column":0},"end":{"line":18,"column":8}},"18":{"start":{"line":19,"column":0},"end":{"line":19,"column":15}},"19":{"start":{"line":20,"column":0},"end":{"line":20,"column":37}},"20":{"start":{"line":21,"column":0},"end":{"line":21,"column":35}},"21":{"start":{"line":22,"column":0},"end":{"line":22,"column":33}},"22":{"start":{"line":23,"column":0},"end":{"line":23,"column":45}},"23":{"start":{"line":24,"column":0},"end":{"line":24,"column":45}},"24":{"start":{"line":25,"column":0},"end":{"line":25,"column":18}},"25":{"start":{"line":26,"column":0},"end":{"line":26,"column":41}},"26":{"start":{"line":27,"column":0},"end":{"line":27,"column":55}},"27":{"start":{"line":28,"column":0},"end":{"line":28,"column":10}},"28":{"start":{"line":29,"column":0},"end":{"line":29,"column":20}},"29":{"start":{"line":30,"column":0},"end":{"line":30,"column":43}},"30":{"start":{"line":31,"column":0},"end":{"line":31,"column":57}},"31":{"start":{"line":32,"column":0},"end":{"line":32,"column":10}},"32":{"start":{"line":33,"column":0},"end":{"line":33,"column":22}},"33":{"start":{"line":34,"column":0},"end":{"line":34,"column":45}},"34":{"start":{"line":35,"column":0},"end":{"line":35,"column":59}},"35":{"start":{"line":36,"column":0},"end":{"line":36,"column":10}},"36":{"start":{"line":37,"column":0},"end":{"line":37,"column":16}},"37":{"start":{"line":38,"column":0},"end":{"line":38,"column":39}},"38":{"start":{"line":39,"column":0},"end":{"line":39,"column":53}},"39":{"start":{"line":40,"column":0},"end":{"line":40,"column":10}},"40":{"start":{"line":41,"column":0},"end":{"line":41,"column":17}},"41":{"start":{"line":42,"column":0},"end":{"line":42,"column":40}},"42":{"start":{"line":43,"column":0},"end":{"line":43,"column":54}},"43":{"start":{"line":44,"column":0},"end":{"line":44,"column":10}},"44":{"start":{"line":45,"column":0},"end":{"line":45,"column":18}},"45":{"start":{"line":46,"column":0},"end":{"line":46,"column":41}},"46":{"start":{"line":47,"column":0},"end":{"line":47,"column":55}},"47":{"start":{"line":48,"column":0},"end":{"line":48,"column":10}},"48":{"start":{"line":49,"column":0},"end":{"line":49,"column":18}},"49":{"start":{"line":50,"column":0},"end":{"line":50,"column":41}},"50":{"start":{"line":51,"column":0},"end":{"line":51,"column":55}},"51":{"start":{"line":52,"column":0},"end":{"line":52,"column":10}},"52":{"start":{"line":53,"column":0},"end":{"line":53,"column":18}},"53":{"start":{"line":54,"column":0},"end":{"line":54,"column":41}},"54":{"start":{"line":55,"column":0},"end":{"line":55,"column":55}},"55":{"start":{"line":56,"column":0},"end":{"line":56,"column":10}},"56":{"start":{"line":57,"column":0},"end":{"line":57,"column":15}},"57":{"start":{"line":58,"column":0},"end":{"line":58,"column":38}},"58":{"start":{"line":59,"column":0},"end":{"line":59,"column":52}},"59":{"start":{"line":60,"column":0},"end":{"line":60,"column":10}},"60":{"start":{"line":61,"column":0},"end":{"line":61,"column":16}},"61":{"start":{"line":62,"column":0},"end":{"line":62,"column":37}},"62":{"start":{"line":63,"column":0},"end":{"line":63,"column":37}},"63":{"start":{"line":64,"column":0},"end":{"line":64,"column":37}},"64":{"start":{"line":65,"column":0},"end":{"line":65,"column":37}},"65":{"start":{"line":66,"column":0},"end":{"line":66,"column":37}},"66":{"start":{"line":67,"column":0},"end":{"line":67,"column":10}},"67":{"start":{"line":68,"column":0},"end":{"line":68,"column":18}},"68":{"start":{"line":69,"column":0},"end":{"line":69,"column":52}},"69":{"start":{"line":70,"column":0},"end":{"line":70,"column":55}},"70":{"start":{"line":71,"column":0},"end":{"line":71,"column":49}},"71":{"start":{"line":72,"column":0},"end":{"line":72,"column":73}},"72":{"start":{"line":73,"column":0},"end":{"line":73,"column":47}},"73":{"start":{"line":74,"column":0},"end":{"line":74,"column":71}},"74":{"start":{"line":75,"column":0},"end":{"line":75,"column":47}},"75":{"start":{"line":76,"column":0},"end":{"line":76,"column":43}},"76":{"start":{"line":77,"column":0},"end":{"line":77,"column":10}},"77":{"start":{"line":78,"column":0},"end":{"line":78,"column":8}},"78":{"start":{"line":79,"column":0},"end":{"line":79,"column":21}},"79":{"start":{"line":80,"column":0},"end":{"line":80,"column":28}},"80":{"start":{"line":81,"column":0},"end":{"line":81,"column":40}},"81":{"start":{"line":82,"column":0},"end":{"line":82,"column":40}},"82":{"start":{"line":83,"column":0},"end":{"line":83,"column":8}},"83":{"start":{"line":84,"column":0},"end":{"line":84,"column":18}},"84":{"start":{"line":85,"column":0},"end":{"line":85,"column":27}},"85":{"start":{"line":86,"column":0},"end":{"line":86,"column":32}},"86":{"start":{"line":87,"column":0},"end":{"line":87,"column":66}},"87":{"start":{"line":88,"column":0},"end":{"line":88,"column":10}},"88":{"start":{"line":89,"column":0},"end":{"line":89,"column":25}},"89":{"start":{"line":90,"column":0},"end":{"line":90,"column":68}},"90":{"start":{"line":91,"column":0},"end":{"line":91,"column":30}},"91":{"start":{"line":92,"column":0},"end":{"line":92,"column":10}},"92":{"start":{"line":93,"column":0},"end":{"line":93,"column":20}},"93":{"start":{"line":94,"column":0},"end":{"line":94,"column":33}},"94":{"start":{"line":95,"column":0},"end":{"line":95,"column":31}},"95":{"start":{"line":96,"column":0},"end":{"line":96,"column":10}},"96":{"start":{"line":97,"column":0},"end":{"line":97,"column":21}},"97":{"start":{"line":98,"column":0},"end":{"line":98,"column":64}},"98":{"start":{"line":99,"column":0},"end":{"line":99,"column":59}},"99":{"start":{"line":100,"column":0},"end":{"line":100,"column":10}},"100":{"start":{"line":101,"column":0},"end":{"line":101,"column":8}},"101":{"start":{"line":102,"column":0},"end":{"line":102,"column":18}},"102":{"start":{"line":103,"column":0},"end":{"line":103,"column":57}},"103":{"start":{"line":104,"column":0},"end":{"line":104,"column":53}},"104":{"start":{"line":105,"column":0},"end":{"line":105,"column":43}},"105":{"start":{"line":106,"column":0},"end":{"line":106,"column":45}},"106":{"start":{"line":107,"column":0},"end":{"line":107,"column":8}},"107":{"start":{"line":108,"column":0},"end":{"line":108,"column":6}},"108":{"start":{"line":109,"column":0},"end":{"line":109,"column":4}},"109":{"start":{"line":110,"column":0},"end":{"line":110,"column":44}},"110":{"start":{"line":111,"column":0},"end":{"line":111,"column":19}}},"s":{"2":0,"3":0,"4":0,"5":0,"6":0,"7":0,"8":0,"9":0,"10":0,"11":0,"12":0,"13":0,"14":0,"15":0,"16":0,"17":0,"18":0,"19":0,"20":0,"21":0,"22":0,"23":0,"24":0,"25":0,"26":0,"27":0,"28":0,"29":0,"30":0,"31":0,"32":0,"33":0,"34":0,"35":0,"36":0,"37":0,"38":0,"39":0,"40":0,"41":0,"42":0,"43":0,"44":0,"45":0,"46":0,"47":0,"48":0,"49":0,"50":0,"51":0,"52":0,"53":0,"54":0,"55":0,"56":0,"57":0,"58":0,"59":0,"60":0,"61":0,"62":0,"63":0,"64":0,"65":0,"66":0,"67":0,"68":0,"69":0,"70":0,"71":0,"72":0,"73":0,"74":0,"75":0,"76":0,"77":0,"78":0,"79":0,"80":0,"81":0,"82":0,"83":0,"84":0,"85":0,"86":0,"87":0,"88":0,"89":0,"90":0,"91":0,"92":0,"93":0,"94":0,"95":0,"96":0,"97":0,"98":0,"99":0,"100":0,"101":0,"102":0,"103":0,"104":0,"105":0,"106":0,"107":0,"108":0,"109":0,"110":0},"branchMap":{"0":{"type":"branch","line":1,"loc":{"start":{"line":1,"column":44},"end":{"line":111,"column":-768}},"locations":[{"start":{"line":1,"column":44},"end":{"line":111,"column":-768}}]}},"b":{"0":[1]},"fnMap":{"0":{"name":"(empty-report)","decl":{"start":{"line":1,"column":44},"end":{"line":111,"column":-768}},"loc":{"start":{"line":1,"column":44},"end":{"line":111,"column":-768}},"line":1}},"f":{"0":1}}
,"/Users/naveen/Documents/ijpdealscraper/src/App.tsx": {"path":"/Users/naveen/Documents/ijpdealscraper/src/App.tsx","all":true,"statementMap":{"0":{"start":{"line":1,"column":0},"end":{"line":1,"column":50}},"1":{"start":{"line":2,"column":0},"end":{"line":2,"column":59}},"2":{"start":{"line":3,"column":0},"end":{"line":3,"column":58}},"3":{"start":{"line":4,"column":0},"end":{"line":4,"column":73}},"4":{"start":{"line":5,"column":0},"end":{"line":5,"column":64}},"5":{"start":{"line":6,"column":0},"end":{"line":6,"column":34}},"6":{"start":{"line":7,"column":0},"end":{"line":7,"column":52}},"7":{"start":{"line":8,"column":0},"end":{"line":8,"column":38}},"8":{"start":{"line":9,"column":0},"end":{"line":9,"column":40}},"9":{"start":{"line":10,"column":0},"end":{"line":10,"column":40}},"10":{"start":{"line":11,"column":0},"end":{"line":11,"column":39}},"11":{"start":{"line":12,"column":0},"end":{"line":12,"column":54}},"12":{"start":{"line":13,"column":0},"end":{"line":13,"column":57}},"14":{"start":{"line":15,"column":0},"end":{"line":15,"column":38}},"16":{"start":{"line":17,"column":0},"end":{"line":17,"column":19}},"17":{"start":{"line":18,"column":0},"end":{"line":18,"column":46}},"18":{"start":{"line":19,"column":0},"end":{"line":19,"column":25}},"19":{"start":{"line":20,"column":0},"end":{"line":20,"column":23}},"20":{"start":{"line":21,"column":0},"end":{"line":21,"column":22}},"21":{"start":{"line":22,"column":0},"end":{"line":22,"column":56}},"22":{"start":{"line":23,"column":0},"end":{"line":23,"column":31}},"23":{"start":{"line":24,"column":0},"end":{"line":24,"column":34}},"24":{"start":{"line":25,"column":0},"end":{"line":25,"column":48}},"25":{"start":{"line":26,"column":0},"end":{"line":26,"column":36}},"26":{"start":{"line":27,"column":0},"end":{"line":27,"column":75}},"27":{"start":{"line":28,"column":0},"end":{"line":28,"column":68}},"28":{"start":{"line":29,"column":0},"end":{"line":29,"column":74}},"29":{"start":{"line":30,"column":0},"end":{"line":30,"column":42}},"30":{"start":{"line":31,"column":0},"end":{"line":31,"column":57}},"31":{"start":{"line":32,"column":0},"end":{"line":32,"column":63}},"33":{"start":{"line":34,"column":0},"end":{"line":34,"column":42}},"34":{"start":{"line":35,"column":0},"end":{"line":35,"column":55}},"35":{"start":{"line":36,"column":0},"end":{"line":36,"column":61}},"37":{"start":{"line":38,"column":0},"end":{"line":38,"column":42}},"38":{"start":{"line":39,"column":0},"end":{"line":39,"column":56}},"39":{"start":{"line":40,"column":0},"end":{"line":40,"column":62}},"43":{"start":{"line":44,"column":0},"end":{"line":44,"column":73}},"53":{"start":{"line":54,"column":0},"end":{"line":54,"column":19}}},"s":{"0":0,"1":0,"2":0,"3":0,"4":0,"5":0,"6":0,"7":0,"8":0,"9":0,"10":0,"11":0,"12":0,"14":0,"16":0,"17":0,"18":0,"19":0,"20":0,"21":0,"22":0,"23":0,"24":0,"25":0,"26":0,"27":0,"28":0,"29":0,"30":0,"31":0,"33":0,"34":0,"35":0,"37":0,"38":0,"39":0,"43":0,"53":0},"branchMap":{"0":{"type":"branch","line":1,"loc":{"start":{"line":1,"column":2329},"end":{"line":54,"column":19}},"locations":[{"start":{"line":1,"column":2329},"end":{"line":54,"column":19}}]}},"b":{"0":[0]},"fnMap":{"0":{"name":"(empty-report)","decl":{"start":{"line":1,"column":2329},"end":{"line":54,"column":19}},"loc":{"start":{"line":1,"column":2329},"end":{"line":54,"column":19}},"line":1}},"f":{"0":0}}
,"/Users/naveen/Documents/ijpdealscraper/src/main.tsx": {"path":"/Users/naveen/Documents/ijpdealscraper/src/main.tsx","all":true,"statementMap":{"0":{"start":{"line":1,"column":0},"end":{"line":1,"column":46}},"1":{"start":{"line":2,"column":0},"end":{"line":2,"column":39}},"2":{"start":{"line":3,"column":0},"end":{"line":3,"column":28}},"3":{"start":{"line":4,"column":0},"end":{"line":4,"column":21}},"4":{"start":{"line":5,"column":0},"end":{"line":5,"column":34}},"6":{"start":{"line":7,"column":0},"end":{"line":7,"column":52}},"7":{"start":{"line":8,"column":0},"end":{"line":8,"column":28}},"8":{"start":{"line":9,"column":0},"end":{"line":9,"column":15}}},"s":{"0":0,"1":0,"2":0,"3":0,"4":0,"6":0,"7":0,"8":0},"branchMap":{"0":{"type":"branch","line":1,"loc":{"start":{"line":1,"column":289},"end":{"line":10,"column":17}},"locations":[{"start":{"line":1,"column":289},"end":{"line":10,"column":17}}]}},"b":{"0":[0]},"fnMap":{"0":{"name":"(empty-report)","decl":{"start":{"line":1,"column":289},"end":{"line":10,"column":17}},"loc":{"start":{"line":1,"column":289},"end":{"line":10,"column":17}},"line":1}},"f":{"0":0}}
,"/Users/naveen/Documents/ijpdealscraper/src/components/NavLink.tsx": {"path":"/Users/naveen/Documents/ijpdealscraper/src/components/NavLink.tsx","all":true,"statementMap":{"0":{"start":{"line":1,"column":0},"end":{"line":1,"column":74}},"10":{"start":{"line":11,"column":0},"end":{"line":11,"column":66}},"11":{"start":{"line":12,"column":0},"end":{"line":12,"column":76}},"12":{"start":{"line":13,"column":0},"end":{"line":13,"column":12}},"13":{"start":{"line":14,"column":0},"end":{"line":14,"column":20}},"14":{"start":{"line":15,"column":0},"end":{"line":15,"column":17}},"15":{"start":{"line":16,"column":0},"end":{"line":16,"column":15}},"16":{"start":{"line":17,"column":0},"end":{"line":17,"column":47}},"17":{"start":{"line":18,"column":0},"end":{"line":18,"column":83}},"19":{"start":{"line":20,"column":0},"end":{"line":20,"column":18}},"22":{"start":{"line":23,"column":0},"end":{"line":23,"column":4}},"25":{"start":{"line":26,"column":0},"end":{"line":26,"column":32}}},"s":{"0":0,"10":0,"11":0,"12":0,"13":0,"14":0,"15":0,"16":0,"17":0,"19":0,"22":0,"25":0},"branchMap":{"0":{"type":"branch","line":1,"loc":{"start":{"line":1,"column":0},"end":{"line":28,"column":-159}},"locations":[{"start":{"line":1,"column":0},"end":{"line":28,"column":-159}}]}},"b":{"0":[0]},"fnMap":{"0":{"name":"(empty-report)","decl":{"start":{"line":1,"column":0},"end":{"line":28,"column":-159}},"loc":{"start":{"line":1,"column":0},"end":{"line":28,"column":-159}},"line":1}},"f":{"0":0}}
,"/Users/naveen/Documents/ijpdealscraper/src/components/ProtectedRoute.tsx": {"path":"/Users/naveen/Documents/ijpdealscraper/src/components/ProtectedRoute.tsx","all":false,"statementMap":{"0":{"start":{"line":1,"column":0},"end":{"line":1,"column":65}},"1":{"start":{"line":2,"column":0},"end":{"line":2,"column":49}},"3":{"start":{"line":4,"column":0},"end":{"line":4,"column":30}},"4":{"start":{"line":5,"column":0},"end":{"line":5,"column":40}},"5":{"start":{"line":6,"column":0},"end":{"line":6,"column":35}},"7":{"start":{"line":8,"column":0},"end":{"line":8,"column":18}},"8":{"start":{"line":9,"column":0},"end":{"line":9,"column":16}},"9":{"start":{"line":10,"column":0},"end":{"line":10,"column":105}},"13":{"start":{"line":14,"column":0},"end":{"line":14,"column":5}},"15":{"start":{"line":16,"column":0},"end":{"line":16,"column":16}},"16":{"start":{"line":17,"column":0},"end":{"line":17,"column":75}},"17":{"start":{"line":18,"column":0},"end":{"line":18,"column":5}},"19":{"start":{"line":20,"column":0},"end":{"line":20,"column":22}},"20":{"start":{"line":21,"column":0},"end":{"line":21,"column":2}},"22":{"start":{"line":23,"column":0},"end":{"line":23,"column":30}}},"s":{"0":1,"1":1,"3":1,"4":3,"5":3,"7":3,"8":1,"9":1,"13":1,"15":3,"16":1,"17":1,"19":1,"20":1,"22":1},"branchMap":{"0":{"type":"branch","line":4,"loc":{"start":{"line":4,"column":23},"end":{"line":21,"column":2}},"locations":[{"start":{"line":4,"column":23},"end":{"line":21,"column":2}}]},"1":{"type":"branch","line":8,"loc":{"start":{"line":8,"column":17},"end":{"line":14,"column":5}},"locations":[{"start":{"line":8,"column":17},"end":{"line":14,"column":5}}]},"2":{"type":"branch","line":14,"loc":{"start":{"line":14,"column":4},"end":{"line":16,"column":15}},"locations":[{"start":{"line":14,"column":4},"end":{"line":16,"column":15}}]},"3":{"type":"branch","line":16,"loc":{"start":{"line":16,"column":15},"end":{"line":21,"column":2}},"locations":[{"start":{"line":16,"column":15},"end":{"line":21,"column":2}}]}},"b":{"0":[3],"1":[1],"2":[2],"3":[1]},"fnMap":{"0":{"name":"ProtectedRoute","decl":{"start":{"line":4,"column":23},"end":{"line":21,"column":2}},"loc":{"start":{"line":4,"column":23},"end":{"line":21,"column":2}},"line":4}},"f":{"0":3}}
,"/Users/naveen/Documents/ijpdealscraper/src/components/dashboard/AffiliateLinksSection.tsx": {"path":"/Users/naveen/Documents/ijpdealscraper/src/components/dashboard/AffiliateLinksSection.tsx","all":false,"statementMap":{"0":{"start":{"line":1,"column":0},"end":{"line":1,"column":69}},"50":{"start":{"line":51,"column":0},"end":{"line":51,"column":44}},"51":{"start":{"line":52,"column":0},"end":{"line":52,"column":33}},"52":{"start":{"line":53,"column":0},"end":{"line":53,"column":44}},"53":{"start":{"line":54,"column":0},"end":{"line":54,"column":60}},"54":{"start":{"line":55,"column":0},"end":{"line":55,"column":68}},"55":{"start":{"line":56,"column":0},"end":{"line":56,"column":60}},"56":{"start":{"line":57,"column":0},"end":{"line":57,"column":48}},"58":{"start":{"line":59,"column":0},"end":{"line":59,"column":39}},"59":{"start":{"line":60,"column":0},"end":{"line":60,"column":57}},"60":{"start":{"line":61,"column":0},"end":{"line":61,"column":49}},"61":{"start":{"line":62,"column":0},"end":{"line":62,"column":49}},"62":{"start":{"line":63,"column":0},"end":{"line":63,"column":61}},"63":{"start":{"line":64,"column":0},"end":{"line":64,"column":63}},"64":{"start":{"line":65,"column":0},"end":{"line":65,"column":63}},"66":{"start":{"line":67,"column":0},"end":{"line":67,"column":29}},"67":{"start":{"line":68,"column":0},"end":{"line":68,"column":19}},"68":{"start":{"line":69,"column":0},"end":{"line":69,"column":28}},"69":{"start":{"line":70,"column":0},"end":{"line":70,"column":24}},"70":{"start":{"line":71,"column":0},"end":{"line":71,"column":24}},"71":{"start":{"line":72,"column":0},"end":{"line":72,"column":30}},"72":{"start":{"line":73,"column":0},"end":{"line":73,"column":32}},"73":{"start":{"line":74,"column":0},"end":{"line":74,"column":32}},"74":{"start":{"line":75,"column":0},"end":{"line":75,"column":6}},"76":{"start":{"line":77,"column":0},"end":{"line":77,"column":30}},"77":{"start":{"line":78,"column":0},"end":{"line":78,"column":27}},"78":{"start":{"line":79,"column":0},"end":{"line":79,"column":20}},"79":{"start":{"line":80,"column":0},"end":{"line":80,"column":22}},"80":{"start":{"line":81,"column":0},"end":{"line":81,"column":6}},"82":{"start":{"line":83,"column":0},"end":{"line":83,"column":44}},"83":{"start":{"line":84,"column":0},"end":{"line":84,"column":27}},"84":{"start":{"line":85,"column":0},"end":{"line":85,"column":22}},"85":{"start":{"line":86,"column":0},"end":{"line":86,"column":40}},"86":{"start":{"line":87,"column":0},"end":{"line":87,"column":32}},"87":{"start":{"line":88,"column":0},"end":{"line":88,"column":32}},"88":{"start":{"line":89,"column":0},"end":{"line":89,"column":44}},"89":{"start":{"line":90,"column":0},"end":{"line":90,"column":44}},"90":{"start":{"line":91,"column":0},"end":{"line":91,"column":44}},"91":{"start":{"line":92,"column":0},"end":{"line":92,"column":22}},"92":{"start":{"line":93,"column":0},"end":{"line":93,"column":6}},"94":{"start":{"line":95,"column":0},"end":{"line":95,"column":53}},"95":{"start":{"line":96,"column":0},"end":{"line":96,"column":35}},"96":{"start":{"line":97,"column":0},"end":{"line":97,"column":55}},"97":{"start":{"line":98,"column":0},"end":{"line":98,"column":59}},"98":{"start":{"line":99,"column":0},"end":{"line":99,"column":62}},"99":{"start":{"line":100,"column":0},"end":{"line":100,"column":62}},"100":{"start":{"line":101,"column":0},"end":{"line":101,"column":37}},"101":{"start":{"line":102,"column":0},"end":{"line":102,"column":32}},"102":{"start":{"line":103,"column":0},"end":{"line":103,"column":6}},"104":{"start":{"line":105,"column":0},"end":{"line":105,"column":54}},"105":{"start":{"line":106,"column":0},"end":{"line":106,"column":21}},"106":{"start":{"line":107,"column":0},"end":{"line":107,"column":19}},"107":{"start":{"line":108,"column":0},"end":{"line":108,"column":41}},"108":{"start":{"line":109,"column":0},"end":{"line":109,"column":39}},"109":{"start":{"line":110,"column":0},"end":{"line":110,"column":15}},"110":{"start":{"line":111,"column":0},"end":{"line":111,"column":19}},"111":{"start":{"line":112,"column":0},"end":{"line":112,"column":9}},"113":{"start":{"line":114,"column":0},"end":{"line":114,"column":42}},"114":{"start":{"line":115,"column":0},"end":{"line":115,"column":74}},"115":{"start":{"line":116,"column":0},"end":{"line":116,"column":17}},"116":{"start":{"line":117,"column":0},"end":{"line":117,"column":45}},"117":{"start":{"line":118,"column":0},"end":{"line":118,"column":63}},"118":{"start":{"line":119,"column":0},"end":{"line":119,"column":6}},"120":{"start":{"line":121,"column":0},"end":{"line":121,"column":54}},"121":{"start":{"line":122,"column":0},"end":{"line":122,"column":21}},"122":{"start":{"line":123,"column":0},"end":{"line":123,"column":19}},"123":{"start":{"line":124,"column":0},"end":{"line":124,"column":41}},"124":{"start":{"line":125,"column":0},"end":{"line":125,"column":39}},"125":{"start":{"line":126,"column":0},"end":{"line":126,"column":15}},"126":{"start":{"line":127,"column":0},"end":{"line":127,"column":19}},"127":{"start":{"line":128,"column":0},"end":{"line":128,"column":9}},"129":{"start":{"line":130,"column":0},"end":{"line":130,"column":42}},"130":{"start":{"line":131,"column":0},"end":{"line":131,"column":75}},"131":{"start":{"line":132,"column":0},"end":{"line":132,"column":63}},"132":{"start":{"line":133,"column":0},"end":{"line":133,"column":6}},"134":{"start":{"line":135,"column":0},"end":{"line":135,"column":21}},"135":{"start":{"line":136,"column":0},"end":{"line":136,"column":27}},"137":{"start":{"line":138,"column":0},"end":{"line":138,"column":48}},"138":{"start":{"line":139,"column":0},"end":{"line":139,"column":17}},"139":{"start":{"line":140,"column":0},"end":{"line":140,"column":51}},"140":{"start":{"line":141,"column":0},"end":{"line":141,"column":56}},"141":{"start":{"line":142,"column":0},"end":{"line":142,"column":56}},"142":{"start":{"line":143,"column":0},"end":{"line":143,"column":66}},"143":{"start":{"line":144,"column":0},"end":{"line":144,"column":49}},"144":{"start":{"line":145,"column":0},"end":{"line":145,"column":71}},"146":{"start":{"line":147,"column":0},"end":{"line":147,"column":69}},"147":{"start":{"line":148,"column":0},"end":{"line":148,"column":37}},"148":{"start":{"line":149,"column":0},"end":{"line":149,"column":37}},"149":{"start":{"line":150,"column":0},"end":{"line":150,"column":48}},"150":{"start":{"line":151,"column":0},"end":{"line":151,"column":47}},"151":{"start":{"line":152,"column":0},"end":{"line":152,"column":47}},"152":{"start":{"line":153,"column":0},"end":{"line":153,"column":59}},"153":{"start":{"line":154,"column":0},"end":{"line":154,"column":41}},"154":{"start":{"line":155,"column":0},"end":{"line":155,"column":41}},"155":{"start":{"line":156,"column":0},"end":{"line":156,"column":20}},"157":{"start":{"line":158,"column":0},"end":{"line":158,"column":50}},"158":{"start":{"line":159,"column":0},"end":{"line":159,"column":30}},"159":{"start":{"line":160,"column":0},"end":{"line":160,"column":42}},"160":{"start":{"line":161,"column":0},"end":{"line":161,"column":23}},"161":{"start":{"line":162,"column":0},"end":{"line":162,"column":60}},"162":{"start":{"line":163,"column":0},"end":{"line":163,"column":74}},"163":{"start":{"line":164,"column":0},"end":{"line":164,"column":43}},"164":{"start":{"line":165,"column":0},"end":{"line":165,"column":19}},"165":{"start":{"line":166,"column":0},"end":{"line":166,"column":23}},"166":{"start":{"line":167,"column":0},"end":{"line":167,"column":52}},"167":{"start":{"line":168,"column":0},"end":{"line":168,"column":13}},"168":{"start":{"line":169,"column":0},"end":{"line":169,"column":10}},"170":{"start":{"line":171,"column":0},"end":{"line":171,"column":29}},"171":{"start":{"line":172,"column":0},"end":{"line":172,"column":22}},"172":{"start":{"line":173,"column":0},"end":{"line":173,"column":28}},"173":{"start":{"line":174,"column":0},"end":{"line":174,"column":10}},"174":{"start":{"line":175,"column":0},"end":{"line":175,"column":16}},"176":{"start":{"line":177,"column":0},"end":{"line":177,"column":50}},"177":{"start":{"line":178,"column":0},"end":{"line":178,"column":27}},"178":{"start":{"line":179,"column":0},"end":{"line":179,"column":26}},"179":{"start":{"line":180,"column":0},"end":{"line":180,"column":19}},"180":{"start":{"line":181,"column":0},"end":{"line":181,"column":56}},"181":{"start":{"line":182,"column":0},"end":{"line":182,"column":39}},"182":{"start":{"line":183,"column":0},"end":{"line":183,"column":15}},"183":{"start":{"line":184,"column":0},"end":{"line":184,"column":19}},"184":{"start":{"line":185,"column":0},"end":{"line":185,"column":9}},"186":{"start":{"line":187,"column":0},"end":{"line":187,"column":28}},"187":{"start":{"line":188,"column":0},"end":{"line":188,"column":28}},"188":{"start":{"line":189,"column":0},"end":{"line":189,"column":39}},"189":{"start":{"line":190,"column":0},"end":{"line":190,"column":38}},"190":{"start":{"line":191,"column":0},"end":{"line":191,"column":38}},"191":{"start":{"line":192,"column":0},"end":{"line":192,"column":50}},"192":{"start":{"line":193,"column":0},"end":{"line":193,"column":10}},"194":{"start":{"line":195,"column":0},"end":{"line":195,"column":24}},"195":{"start":{"line":196,"column":0},"end":{"line":196,"column":17}},"196":{"start":{"line":197,"column":0},"end":{"line":197,"column":32}},"197":{"start":{"line":198,"column":0},"end":{"line":198,"column":44}},"198":{"start":{"line":199,"column":0},"end":{"line":199,"column":46}},"199":{"start":{"line":200,"column":0},"end":{"line":200,"column":30}},"201":{"start":{"line":202,"column":0},"end":{"line":202,"column":78}},"203":{"start":{"line":204,"column":0},"end":{"line":204,"column":52}},"204":{"start":{"line":205,"column":0},"end":{"line":205,"column":57}},"205":{"start":{"line":206,"column":0},"end":{"line":206,"column":56}},"206":{"start":{"line":207,"column":0},"end":{"line":207,"column":69}},"207":{"start":{"line":208,"column":0},"end":{"line":208,"column":71}},"208":{"start":{"line":209,"column":0},"end":{"line":209,"column":71}},"209":{"start":{"line":210,"column":0},"end":{"line":210,"column":35}},"210":{"start":{"line":211,"column":0},"end":{"line":211,"column":77}},"211":{"start":{"line":212,"column":0},"end":{"line":212,"column":35}},"212":{"start":{"line":213,"column":0},"end":{"line":213,"column":35}},"213":{"start":{"line":214,"column":0},"end":{"line":214,"column":18}},"215":{"start":{"line":216,"column":0},"end":{"line":216,"column":34}},"216":{"start":{"line":217,"column":0},"end":{"line":217,"column":36}},"217":{"start":{"line":218,"column":0},"end":{"line":218,"column":76}},"221":{"start":{"line":222,"column":0},"end":{"line":222,"column":23}},"222":{"start":{"line":223,"column":0},"end":{"line":223,"column":52}},"223":{"start":{"line":224,"column":0},"end":{"line":224,"column":65}},"224":{"start":{"line":225,"column":0},"end":{"line":225,"column":19}},"225":{"start":{"line":226,"column":0},"end":{"line":226,"column":31}},"226":{"start":{"line":227,"column":0},"end":{"line":227,"column":35}},"227":{"start":{"line":228,"column":0},"end":{"line":228,"column":28}},"228":{"start":{"line":229,"column":0},"end":{"line":229,"column":30}},"229":{"start":{"line":230,"column":0},"end":{"line":230,"column":23}},"230":{"start":{"line":231,"column":0},"end":{"line":231,"column":61}},"231":{"start":{"line":232,"column":0},"end":{"line":232,"column":74}},"232":{"start":{"line":233,"column":0},"end":{"line":233,"column":43}},"233":{"start":{"line":234,"column":0},"end":{"line":234,"column":19}},"234":{"start":{"line":235,"column":0},"end":{"line":235,"column":23}},"235":{"start":{"line":236,"column":0},"end":{"line":236,"column":33}},"236":{"start":{"line":237,"column":0},"end":{"line":237,"column":13}},"237":{"start":{"line":238,"column":0},"end":{"line":238,"column":19}},"238":{"start":{"line":239,"column":0},"end":{"line":239,"column":9}},"240":{"start":{"line":241,"column":0},"end":{"line":241,"column":13}},"241":{"start":{"line":242,"column":0},"end":{"line":242,"column":28}},"242":{"start":{"line":243,"column":0},"end":{"line":243,"column":65}},"243":{"start":{"line":244,"column":0},"end":{"line":244,"column":74}},"244":{"start":{"line":245,"column":0},"end":{"line":245,"column":30}},"245":{"start":{"line":246,"column":0},"end":{"line":246,"column":48}},"246":{"start":{"line":247,"column":0},"end":{"line":247,"column":43}},"247":{"start":{"line":248,"column":0},"end":{"line":248,"column":55}},"248":{"start":{"line":249,"column":0},"end":{"line":249,"column":68}},"249":{"start":{"line":250,"column":0},"end":{"line":250,"column":70}},"250":{"start":{"line":251,"column":0},"end":{"line":251,"column":70}},"251":{"start":{"line":252,"column":0},"end":{"line":252,"column":35}},"252":{"start":{"line":253,"column":0},"end":{"line":253,"column":76}},"253":{"start":{"line":254,"column":0},"end":{"line":254,"column":35}},"254":{"start":{"line":255,"column":0},"end":{"line":255,"column":35}},"255":{"start":{"line":256,"column":0},"end":{"line":256,"column":18}},"256":{"start":{"line":257,"column":0},"end":{"line":257,"column":55}},"257":{"start":{"line":258,"column":0},"end":{"line":258,"column":20}},"258":{"start":{"line":259,"column":0},"end":{"line":259,"column":49}},"259":{"start":{"line":260,"column":0},"end":{"line":260,"column":79}},"260":{"start":{"line":261,"column":0},"end":{"line":261,"column":40}},"261":{"start":{"line":262,"column":0},"end":{"line":262,"column":51}},"262":{"start":{"line":263,"column":0},"end":{"line":263,"column":50}},"263":{"start":{"line":264,"column":0},"end":{"line":264,"column":50}},"264":{"start":{"line":265,"column":0},"end":{"line":265,"column":62}},"265":{"start":{"line":266,"column":0},"end":{"line":266,"column":35}},"266":{"start":{"line":267,"column":0},"end":{"line":267,"column":35}},"267":{"start":{"line":268,"column":0},"end":{"line":268,"column":18}},"268":{"start":{"line":269,"column":0},"end":{"line":269,"column":56}},"269":{"start":{"line":270,"column":0},"end":{"line":270,"column":13}},"271":{"start":{"line":272,"column":0},"end":{"line":272,"column":19}},"272":{"start":{"line":273,"column":0},"end":{"line":273,"column":46}},"273":{"start":{"line":274,"column":0},"end":{"line":274,"column":67}},"274":{"start":{"line":275,"column":0},"end":{"line":275,"column":15}},"275":{"start":{"line":276,"column":0},"end":{"line":276,"column":27}},"276":{"start":{"line":277,"column":0},"end":{"line":277,"column":24}},"277":{"start":{"line":278,"column":0},"end":{"line":278,"column":26}},"278":{"start":{"line":279,"column":0},"end":{"line":279,"column":19}},"279":{"start":{"line":280,"column":0},"end":{"line":280,"column":54}},"280":{"start":{"line":281,"column":0},"end":{"line":281,"column":70}},"281":{"start":{"line":282,"column":0},"end":{"line":282,"column":39}},"282":{"start":{"line":283,"column":0},"end":{"line":283,"column":15}},"283":{"start":{"line":284,"column":0},"end":{"line":284,"column":19}},"284":{"start":{"line":285,"column":0},"end":{"line":285,"column":29}},"285":{"start":{"line":286,"column":0},"end":{"line":286,"column":9}},"286":{"start":{"line":287,"column":0},"end":{"line":287,"column":6}},"288":{"start":{"line":289,"column":0},"end":{"line":289,"column":69}},"290":{"start":{"line":291,"column":0},"end":{"line":291,"column":12}},"291":{"start":{"line":292,"column":0},"end":{"line":292,"column":192}},"293":{"start":{"line":294,"column":0},"end":{"line":294,"column":175}},"294":{"start":{"line":295,"column":0},"end":{"line":295,"column":142}},"296":{"start":{"line":297,"column":0},"end":{"line":297,"column":77}},"297":{"start":{"line":298,"column":0},"end":{"line":298,"column":21}},"298":{"start":{"line":299,"column":0},"end":{"line":299,"column":75}},"301":{"start":{"line":302,"column":0},"end":{"line":302,"column":70}},"308":{"start":{"line":309,"column":0},"end":{"line":309,"column":64}},"309":{"start":{"line":310,"column":0},"end":{"line":310,"column":27}},"310":{"start":{"line":311,"column":0},"end":{"line":311,"column":166}},"311":{"start":{"line":312,"column":0},"end":{"line":312,"column":37}},"312":{"start":{"line":313,"column":0},"end":{"line":313,"column":44}},"314":{"start":{"line":315,"column":0},"end":{"line":315,"column":52}},"320":{"start":{"line":321,"column":0},"end":{"line":321,"column":53}},"321":{"start":{"line":322,"column":0},"end":{"line":322,"column":33}},"322":{"start":{"line":323,"column":0},"end":{"line":323,"column":119}},"323":{"start":{"line":324,"column":0},"end":{"line":324,"column":50}},"324":{"start":{"line":325,"column":0},"end":{"line":325,"column":78}},"325":{"start":{"line":326,"column":0},"end":{"line":326,"column":72}},"326":{"start":{"line":327,"column":0},"end":{"line":327,"column":137}},"329":{"start":{"line":330,"column":0},"end":{"line":330,"column":137}},"332":{"start":{"line":333,"column":0},"end":{"line":333,"column":137}},"335":{"start":{"line":336,"column":0},"end":{"line":336,"column":137}},"338":{"start":{"line":339,"column":0},"end":{"line":339,"column":137}},"341":{"start":{"line":342,"column":0},"end":{"line":342,"column":137}},"344":{"start":{"line":345,"column":0},"end":{"line":345,"column":137}},"349":{"start":{"line":350,"column":0},"end":{"line":350,"column":70}},"350":{"start":{"line":351,"column":0},"end":{"line":351,"column":76}},"351":{"start":{"line":352,"column":0},"end":{"line":352,"column":60}},"352":{"start":{"line":353,"column":0},"end":{"line":353,"column":66}},"353":{"start":{"line":354,"column":0},"end":{"line":354,"column":82}},"355":{"start":{"line":356,"column":0},"end":{"line":356,"column":66}},"356":{"start":{"line":357,"column":0},"end":{"line":357,"column":82}},"358":{"start":{"line":359,"column":0},"end":{"line":359,"column":66}},"359":{"start":{"line":360,"column":0},"end":{"line":360,"column":82}},"361":{"start":{"line":362,"column":0},"end":{"line":362,"column":66}},"362":{"start":{"line":363,"column":0},"end":{"line":363,"column":92}},"364":{"start":{"line":365,"column":0},"end":{"line":365,"column":66}},"365":{"start":{"line":366,"column":0},"end":{"line":366,"column":94}},"367":{"start":{"line":368,"column":0},"end":{"line":368,"column":66}},"368":{"start":{"line":369,"column":0},"end":{"line":369,"column":94}},"370":{"start":{"line":371,"column":0},"end":{"line":371,"column":66}},"371":{"start":{"line":372,"column":0},"end":{"line":372,"column":85}},"372":{"start":{"line":373,"column":0},"end":{"line":373,"column":91}},"373":{"start":{"line":374,"column":0},"end":{"line":374,"column":91}},"374":{"start":{"line":375,"column":0},"end":{"line":375,"column":91}},"375":{"start":{"line":376,"column":0},"end":{"line":376,"column":91}},"383":{"start":{"line":384,"column":0},"end":{"line":384,"column":32}},"384":{"start":{"line":385,"column":0},"end":{"line":385,"column":119}},"385":{"start":{"line":386,"column":0},"end":{"line":386,"column":50}},"386":{"start":{"line":387,"column":0},"end":{"line":387,"column":78}},"387":{"start":{"line":388,"column":0},"end":{"line":388,"column":72}},"388":{"start":{"line":389,"column":0},"end":{"line":389,"column":137}},"391":{"start":{"line":392,"column":0},"end":{"line":392,"column":137}},"394":{"start":{"line":395,"column":0},"end":{"line":395,"column":137}},"397":{"start":{"line":398,"column":0},"end":{"line":398,"column":137}},"400":{"start":{"line":401,"column":0},"end":{"line":401,"column":137}},"403":{"start":{"line":404,"column":0},"end":{"line":404,"column":137}},"406":{"start":{"line":407,"column":0},"end":{"line":407,"column":137}},"411":{"start":{"line":412,"column":0},"end":{"line":412,"column":70}},"412":{"start":{"line":413,"column":0},"end":{"line":413,"column":51}},"413":{"start":{"line":414,"column":0},"end":{"line":414,"column":39}},"414":{"start":{"line":415,"column":0},"end":{"line":415,"column":50}},"415":{"start":{"line":416,"column":0},"end":{"line":416,"column":87}},"417":{"start":{"line":418,"column":0},"end":{"line":418,"column":66}},"418":{"start":{"line":419,"column":0},"end":{"line":419,"column":105}},"419":{"start":{"line":420,"column":0},"end":{"line":420,"column":71}},"422":{"start":{"line":423,"column":0},"end":{"line":423,"column":66}},"423":{"start":{"line":424,"column":0},"end":{"line":424,"column":92}},"424":{"start":{"line":425,"column":0},"end":{"line":425,"column":67}},"427":{"start":{"line":428,"column":0},"end":{"line":428,"column":66}},"428":{"start":{"line":429,"column":0},"end":{"line":429,"column":92}},"429":{"start":{"line":430,"column":0},"end":{"line":430,"column":67}},"432":{"start":{"line":433,"column":0},"end":{"line":433,"column":66}},"433":{"start":{"line":434,"column":0},"end":{"line":434,"column":134}},"434":{"start":{"line":435,"column":0},"end":{"line":435,"column":73}},"437":{"start":{"line":438,"column":0},"end":{"line":438,"column":66}},"438":{"start":{"line":439,"column":0},"end":{"line":439,"column":50}},"439":{"start":{"line":440,"column":0},"end":{"line":440,"column":65}},"440":{"start":{"line":441,"column":0},"end":{"line":441,"column":59}},"441":{"start":{"line":442,"column":0},"end":{"line":442,"column":68}},"442":{"start":{"line":443,"column":0},"end":{"line":443,"column":104}},"443":{"start":{"line":444,"column":0},"end":{"line":444,"column":90}},"446":{"start":{"line":447,"column":0},"end":{"line":447,"column":65}},"447":{"start":{"line":448,"column":0},"end":{"line":448,"column":58}},"448":{"start":{"line":449,"column":0},"end":{"line":449,"column":60}},"451":{"start":{"line":452,"column":0},"end":{"line":452,"column":66}},"452":{"start":{"line":453,"column":0},"end":{"line":453,"column":50}},"453":{"start":{"line":454,"column":0},"end":{"line":454,"column":65}},"454":{"start":{"line":455,"column":0},"end":{"line":455,"column":59}},"455":{"start":{"line":456,"column":0},"end":{"line":456,"column":68}},"456":{"start":{"line":457,"column":0},"end":{"line":457,"column":104}},"457":{"start":{"line":458,"column":0},"end":{"line":458,"column":90}},"460":{"start":{"line":461,"column":0},"end":{"line":461,"column":65}},"461":{"start":{"line":462,"column":0},"end":{"line":462,"column":58}},"462":{"start":{"line":463,"column":0},"end":{"line":463,"column":60}},"465":{"start":{"line":466,"column":0},"end":{"line":466,"column":66}},"466":{"start":{"line":467,"column":0},"end":{"line":467,"column":85}},"467":{"start":{"line":468,"column":0},"end":{"line":468,"column":55}},"468":{"start":{"line":469,"column":0},"end":{"line":469,"column":65}},"469":{"start":{"line":470,"column":0},"end":{"line":470,"column":69}},"470":{"start":{"line":471,"column":0},"end":{"line":471,"column":63}},"471":{"start":{"line":472,"column":0},"end":{"line":472,"column":82}},"472":{"start":{"line":473,"column":0},"end":{"line":473,"column":79}},"474":{"start":{"line":475,"column":0},"end":{"line":475,"column":82}},"476":{"start":{"line":477,"column":0},"end":{"line":477,"column":55}},"477":{"start":{"line":478,"column":0},"end":{"line":478,"column":65}},"478":{"start":{"line":479,"column":0},"end":{"line":479,"column":69}},"479":{"start":{"line":480,"column":0},"end":{"line":480,"column":63}},"480":{"start":{"line":481,"column":0},"end":{"line":481,"column":82}},"481":{"start":{"line":482,"column":0},"end":{"line":482,"column":80}},"482":{"start":{"line":483,"column":0},"end":{"line":483,"column":66}},"483":{"start":{"line":484,"column":0},"end":{"line":484,"column":77}},"486":{"start":{"line":487,"column":0},"end":{"line":487,"column":80}},"488":{"start":{"line":489,"column":0},"end":{"line":489,"column":55}},"489":{"start":{"line":490,"column":0},"end":{"line":490,"column":65}},"490":{"start":{"line":491,"column":0},"end":{"line":491,"column":69}},"491":{"start":{"line":492,"column":0},"end":{"line":492,"column":63}},"492":{"start":{"line":493,"column":0},"end":{"line":493,"column":82}},"493":{"start":{"line":494,"column":0},"end":{"line":494,"column":80}},"494":{"start":{"line":495,"column":0},"end":{"line":495,"column":66}},"495":{"start":{"line":496,"column":0},"end":{"line":496,"column":77}},"498":{"start":{"line":499,"column":0},"end":{"line":499,"column":89}},"500":{"start":{"line":501,"column":0},"end":{"line":501,"column":55}},"501":{"start":{"line":502,"column":0},"end":{"line":502,"column":65}},"502":{"start":{"line":503,"column":0},"end":{"line":503,"column":69}},"503":{"start":{"line":504,"column":0},"end":{"line":504,"column":63}},"504":{"start":{"line":505,"column":0},"end":{"line":505,"column":82}},"505":{"start":{"line":506,"column":0},"end":{"line":506,"column":69}},"506":{"start":{"line":507,"column":0},"end":{"line":507,"column":68}},"507":{"start":{"line":508,"column":0},"end":{"line":508,"column":75}},"508":{"start":{"line":509,"column":0},"end":{"line":509,"column":68}},"509":{"start":{"line":510,"column":0},"end":{"line":510,"column":66}},"510":{"start":{"line":511,"column":0},"end":{"line":511,"column":69}},"511":{"start":{"line":512,"column":0},"end":{"line":512,"column":81}},"513":{"start":{"line":514,"column":0},"end":{"line":514,"column":54}},"515":{"start":{"line":516,"column":0},"end":{"line":516,"column":88}},"525":{"start":{"line":526,"column":0},"end":{"line":526,"column":249}},"526":{"start":{"line":527,"column":0},"end":{"line":527,"column":50}},"527":{"start":{"line":528,"column":0},"end":{"line":528,"column":203}},"528":{"start":{"line":529,"column":0},"end":{"line":529,"column":179}},"529":{"start":{"line":530,"column":0},"end":{"line":530,"column":83}},"532":{"start":{"line":533,"column":0},"end":{"line":533,"column":81}},"535":{"start":{"line":536,"column":0},"end":{"line":536,"column":77}},"539":{"start":{"line":540,"column":0},"end":{"line":540,"column":140}},"540":{"start":{"line":541,"column":0},"end":{"line":541,"column":60}},"541":{"start":{"line":542,"column":0},"end":{"line":542,"column":66}},"547":{"start":{"line":548,"column":0},"end":{"line":548,"column":19}},"548":{"start":{"line":549,"column":0},"end":{"line":549,"column":27}},"549":{"start":{"line":550,"column":0},"end":{"line":550,"column":41}},"550":{"start":{"line":551,"column":0},"end":{"line":551,"column":34}},"551":{"start":{"line":552,"column":0},"end":{"line":552,"column":32}},"552":{"start":{"line":553,"column":0},"end":{"line":553,"column":43}},"553":{"start":{"line":554,"column":0},"end":{"line":554,"column":36}},"554":{"start":{"line":555,"column":0},"end":{"line":555,"column":21}},"555":{"start":{"line":556,"column":0},"end":{"line":556,"column":18}},"557":{"start":{"line":558,"column":0},"end":{"line":558,"column":111}},"558":{"start":{"line":559,"column":0},"end":{"line":559,"column":148}},"559":{"start":{"line":560,"column":0},"end":{"line":560,"column":149}},"560":{"start":{"line":561,"column":0},"end":{"line":561,"column":54}},"561":{"start":{"line":562,"column":0},"end":{"line":562,"column":41}},"562":{"start":{"line":563,"column":0},"end":{"line":563,"column":42}},"563":{"start":{"line":564,"column":0},"end":{"line":564,"column":59}},"564":{"start":{"line":565,"column":0},"end":{"line":565,"column":63}},"566":{"start":{"line":567,"column":0},"end":{"line":567,"column":47}},"573":{"start":{"line":574,"column":0},"end":{"line":574,"column":76}},"574":{"start":{"line":575,"column":0},"end":{"line":575,"column":51}},"575":{"start":{"line":576,"column":0},"end":{"line":576,"column":59}},"578":{"start":{"line":579,"column":0},"end":{"line":579,"column":34}},"579":{"start":{"line":580,"column":0},"end":{"line":580,"column":50}},"580":{"start":{"line":581,"column":0},"end":{"line":581,"column":70}},"581":{"start":{"line":582,"column":0},"end":{"line":582,"column":43}},"582":{"start":{"line":583,"column":0},"end":{"line":583,"column":72}},"583":{"start":{"line":584,"column":0},"end":{"line":584,"column":48}},"584":{"start":{"line":585,"column":0},"end":{"line":585,"column":40}},"588":{"start":{"line":589,"column":0},"end":{"line":589,"column":79}},"589":{"start":{"line":590,"column":0},"end":{"line":590,"column":55}},"590":{"start":{"line":591,"column":0},"end":{"line":591,"column":63}},"593":{"start":{"line":594,"column":0},"end":{"line":594,"column":38}},"594":{"start":{"line":595,"column":0},"end":{"line":595,"column":54}},"595":{"start":{"line":596,"column":0},"end":{"line":596,"column":76}},"596":{"start":{"line":597,"column":0},"end":{"line":597,"column":56}},"597":{"start":{"line":598,"column":0},"end":{"line":598,"column":52}},"598":{"start":{"line":599,"column":0},"end":{"line":599,"column":71}},"600":{"start":{"line":601,"column":0},"end":{"line":601,"column":52}},"603":{"start":{"line":604,"column":0},"end":{"line":604,"column":55}},"604":{"start":{"line":605,"column":0},"end":{"line":605,"column":74}},"605":{"start":{"line":606,"column":0},"end":{"line":606,"column":38}},"606":{"start":{"line":607,"column":0},"end":{"line":607,"column":49}},"607":{"start":{"line":608,"column":0},"end":{"line":608,"column":59}},"608":{"start":{"line":609,"column":0},"end":{"line":609,"column":52}},"609":{"start":{"line":610,"column":0},"end":{"line":610,"column":52}},"610":{"start":{"line":611,"column":0},"end":{"line":611,"column":67}},"612":{"start":{"line":613,"column":0},"end":{"line":613,"column":52}},"615":{"start":{"line":616,"column":0},"end":{"line":616,"column":55}},"616":{"start":{"line":617,"column":0},"end":{"line":617,"column":74}},"617":{"start":{"line":618,"column":0},"end":{"line":618,"column":38}},"618":{"start":{"line":619,"column":0},"end":{"line":619,"column":49}},"619":{"start":{"line":620,"column":0},"end":{"line":620,"column":61}},"620":{"start":{"line":621,"column":0},"end":{"line":621,"column":52}},"621":{"start":{"line":622,"column":0},"end":{"line":622,"column":52}},"622":{"start":{"line":623,"column":0},"end":{"line":623,"column":67}},"624":{"start":{"line":625,"column":0},"end":{"line":625,"column":52}},"627":{"start":{"line":628,"column":0},"end":{"line":628,"column":55}},"628":{"start":{"line":629,"column":0},"end":{"line":629,"column":58}},"631":{"start":{"line":632,"column":0},"end":{"line":632,"column":38}},"632":{"start":{"line":633,"column":0},"end":{"line":633,"column":49}},"633":{"start":{"line":634,"column":0},"end":{"line":634,"column":57}},"634":{"start":{"line":635,"column":0},"end":{"line":635,"column":58}},"635":{"start":{"line":636,"column":0},"end":{"line":636,"column":52}},"636":{"start":{"line":637,"column":0},"end":{"line":637,"column":73}},"638":{"start":{"line":639,"column":0},"end":{"line":639,"column":52}},"643":{"start":{"line":644,"column":0},"end":{"line":644,"column":51}},"644":{"start":{"line":645,"column":0},"end":{"line":645,"column":136}},"645":{"start":{"line":646,"column":0},"end":{"line":646,"column":37}},"646":{"start":{"line":647,"column":0},"end":{"line":647,"column":89}},"649":{"start":{"line":650,"column":0},"end":{"line":650,"column":83}},"653":{"start":{"line":654,"column":0},"end":{"line":654,"column":39}},"654":{"start":{"line":655,"column":0},"end":{"line":655,"column":60}},"655":{"start":{"line":656,"column":0},"end":{"line":656,"column":71}},"659":{"start":{"line":660,"column":0},"end":{"line":660,"column":136}},"660":{"start":{"line":661,"column":0},"end":{"line":661,"column":37}},"661":{"start":{"line":662,"column":0},"end":{"line":662,"column":89}},"664":{"start":{"line":665,"column":0},"end":{"line":665,"column":83}},"668":{"start":{"line":669,"column":0},"end":{"line":669,"column":39}},"669":{"start":{"line":670,"column":0},"end":{"line":670,"column":60}},"670":{"start":{"line":671,"column":0},"end":{"line":671,"column":71}},"675":{"start":{"line":676,"column":0},"end":{"line":676,"column":55}},"676":{"start":{"line":677,"column":0},"end":{"line":677,"column":35}},"677":{"start":{"line":678,"column":0},"end":{"line":678,"column":45}},"678":{"start":{"line":679,"column":0},"end":{"line":679,"column":49}},"679":{"start":{"line":680,"column":0},"end":{"line":680,"column":48}},"680":{"start":{"line":681,"column":0},"end":{"line":681,"column":51}},"681":{"start":{"line":682,"column":0},"end":{"line":682,"column":55}},"682":{"start":{"line":683,"column":0},"end":{"line":683,"column":48}},"683":{"start":{"line":684,"column":0},"end":{"line":684,"column":34}},"684":{"start":{"line":685,"column":0},"end":{"line":685,"column":29}},"687":{"start":{"line":688,"column":0},"end":{"line":688,"column":35}},"688":{"start":{"line":689,"column":0},"end":{"line":689,"column":45}},"689":{"start":{"line":690,"column":0},"end":{"line":690,"column":49}},"690":{"start":{"line":691,"column":0},"end":{"line":691,"column":119}},"692":{"start":{"line":693,"column":0},"end":{"line":693,"column":63}},"700":{"start":{"line":701,"column":0},"end":{"line":701,"column":2}}},"s":{"0":1,"50":1,"51":184,"52":184,"53":184,"54":184,"55":184,"56":184,"58":184,"59":184,"60":184,"61":184,"62":184,"63":184,"64":184,"66":184,"67":9,"68":9,"69":9,"70":9,"71":9,"72":9,"73":9,"74":9,"76":184,"77":5,"78":5,"79":5,"80":5,"82":184,"83":2,"84":2,"85":2,"86":2,"87":2,"88":2,"89":2,"90":2,"91":2,"92":2,"94":184,"95":2,"96":2,"97":2,"98":2,"99":2,"100":2,"101":2,"102":2,"104":184,"105":2,"106":1,"107":1,"108":1,"109":1,"110":1,"111":1,"113":1,"114":1,"115":1,"116":1,"117":1,"118":1,"120":184,"121":2,"122":1,"123":1,"124":1,"125":1,"126":1,"127":1,"129":1,"130":1,"131":1,"132":1,"134":184,"135":11,"137":11,"138":11,"139":11,"140":11,"141":11,"142":11,"143":9,"144":11,"146":11,"147":6,"148":6,"149":6,"150":6,"151":6,"152":6,"153":6,"154":6,"155":6,"157":11,"158":11,"159":1,"160":1,"161":1,"162":1,"163":1,"164":1,"165":11,"166":11,"167":11,"168":11,"170":11,"171":11,"172":11,"173":11,"174":184,"176":184,"177":5,"178":5,"179":1,"180":1,"181":1,"182":1,"183":1,"184":1,"186":4,"187":4,"188":4,"189":4,"190":4,"191":4,"192":4,"194":5,"195":2,"196":2,"197":2,"198":2,"199":2,"201":2,"203":2,"204":2,"205":2,"206":2,"207":2,"208":2,"209":2,"210":2,"211":2,"212":2,"213":2,"215":2,"216":1,"217":1,"221":2,"222":2,"223":2,"224":2,"225":2,"226":2,"227":2,"228":2,"229":1,"230":1,"231":1,"232":1,"233":1,"234":2,"235":2,"236":2,"237":2,"238":2,"240":2,"241":2,"242":2,"243":5,"244":5,"245":1,"246":1,"247":1,"248":1,"249":1,"250":1,"251":1,"252":1,"253":1,"254":1,"255":1,"256":1,"257":1,"258":1,"259":1,"260":1,"261":1,"262":1,"263":1,"264":1,"265":1,"266":1,"267":1,"268":1,"269":1,"271":2,"272":2,"273":2,"274":2,"275":2,"276":2,"277":5,"278":0,"279":0,"280":0,"281":0,"282":0,"283":5,"284":2,"285":2,"286":5,"288":184,"290":184,"291":184,"293":184,"294":184,"296":184,"297":184,"298":184,"301":184,"308":184,"309":184,"310":184,"311":184,"312":184,"314":184,"320":184,"321":184,"322":11,"323":11,"324":11,"325":11,"326":11,"329":11,"332":11,"335":11,"338":11,"341":11,"344":11,"349":11,"350":11,"351":11,"352":11,"353":11,"355":11,"356":11,"358":11,"359":11,"361":11,"362":11,"364":11,"365":11,"367":11,"368":11,"370":11,"371":11,"372":11,"373":11,"374":11,"375":11,"383":11,"384":30,"385":30,"386":30,"387":30,"388":30,"391":30,"394":30,"397":30,"400":30,"403":30,"406":30,"411":30,"412":30,"413":30,"414":30,"415":30,"417":30,"418":30,"419":30,"422":30,"423":30,"424":30,"427":30,"428":30,"429":30,"432":30,"433":30,"434":30,"437":30,"438":30,"439":30,"440":30,"441":30,"442":30,"443":1,"446":30,"447":30,"448":1,"451":30,"452":30,"453":30,"454":30,"455":30,"456":30,"457":0,"460":30,"461":30,"462":0,"465":30,"466":30,"467":30,"468":30,"469":30,"470":30,"471":30,"472":30,"474":30,"476":30,"477":30,"478":30,"479":30,"480":30,"481":30,"482":30,"483":2,"486":30,"488":30,"489":30,"490":30,"491":30,"492":30,"493":30,"494":30,"495":2,"498":30,"500":30,"501":30,"502":30,"503":30,"504":30,"505":30,"506":30,"507":2,"508":2,"509":2,"510":2,"511":2,"513":2,"515":30,"525":184,"526":184,"527":184,"528":184,"529":184,"532":184,"535":184,"539":184,"540":184,"541":184,"547":184,"548":184,"549":184,"550":0,"551":0,"552":0,"553":0,"554":0,"555":0,"557":184,"558":184,"559":184,"560":184,"561":184,"562":184,"563":22,"564":162,"566":184,"573":184,"574":184,"575":184,"578":184,"579":184,"580":184,"581":184,"582":184,"583":184,"584":184,"588":184,"589":184,"590":184,"593":184,"594":184,"595":184,"596":184,"597":184,"598":27,"600":184,"603":184,"604":184,"605":184,"606":184,"607":184,"608":184,"609":184,"610":9,"612":184,"615":184,"616":184,"617":184,"618":184,"619":184,"620":184,"621":184,"622":7,"624":184,"627":184,"628":184,"631":184,"632":184,"633":184,"634":184,"635":184,"636":7,"638":184,"643":184,"644":184,"645":184,"646":184,"649":184,"653":184,"654":184,"655":184,"659":184,"660":184,"661":184,"664":184,"668":184,"669":184,"670":184,"675":184,"676":184,"677":184,"678":184,"679":184,"680":1,"681":1,"682":1,"683":1,"684":184,"687":184,"688":184,"689":184,"690":184,"692":184,"700":184},"branchMap":{"0":{"type":"branch","line":51,"loc":{"start":{"line":51,"column":37},"end":{"line":701,"column":2}},"locations":[{"start":{"line":51,"column":37},"end":{"line":701,"column":2}}]},"1":{"type":"branch","line":322,"loc":{"start":{"line":322,"column":17},"end":{"line":384,"column":32}},"locations":[{"start":{"line":322,"column":17},"end":{"line":384,"column":32}}]},"2":{"type":"branch","line":384,"loc":{"start":{"line":384,"column":20},"end":{"line":526,"column":21}},"locations":[{"start":{"line":384,"column":20},"end":{"line":526,"column":21}}]},"3":{"type":"branch","line":563,"loc":{"start":{"line":563,"column":33},"end":{"line":564,"column":59}},"locations":[{"start":{"line":563,"column":33},"end":{"line":564,"column":59}}]},"4":{"type":"branch","line":564,"loc":{"start":{"line":564,"column":38},"end":{"line":565,"column":63}},"locations":[{"start":{"line":564,"column":38},"end":{"line":565,"column":63}}]},"5":{"type":"branch","line":693,"loc":{"start":{"line":693,"column":33},"end":{"line":693,"column":56}},"locations":[{"start":{"line":693,"column":33},"end":{"line":693,"column":56}}]},"6":{"type":"branch","line":693,"loc":{"start":{"line":693,"column":45},"end":{"line":693,"column":63}},"locations":[{"start":{"line":693,"column":45},"end":{"line":693,"column":63}}]},"7":{"type":"branch","line":67,"loc":{"start":{"line":67,"column":22},"end":{"line":75,"column":6}},"locations":[{"start":{"line":67,"column":22},"end":{"line":75,"column":6}}]},"8":{"type":"branch","line":77,"loc":{"start":{"line":77,"column":23},"end":{"line":81,"column":6}},"locations":[{"start":{"line":77,"column":23},"end":{"line":81,"column":6}}]},"9":{"type":"branch","line":83,"loc":{"start":{"line":83,"column":21},"end":{"line":93,"column":6}},"locations":[{"start":{"line":83,"column":21},"end":{"line":93,"column":6}}]},"10":{"type":"branch","line":95,"loc":{"start":{"line":95,"column":30},"end":{"line":103,"column":6}},"locations":[{"start":{"line":95,"column":30},"end":{"line":103,"column":6}}]},"11":{"type":"branch","line":105,"loc":{"start":{"line":105,"column":31},"end":{"line":119,"column":6}},"locations":[{"start":{"line":105,"column":31},"end":{"line":119,"column":6}}]},"12":{"type":"branch","line":106,"loc":{"start":{"line":106,"column":20},"end":{"line":119,"column":6}},"locations":[{"start":{"line":106,"column":20},"end":{"line":119,"column":6}}]},"13":{"type":"branch","line":121,"loc":{"start":{"line":121,"column":31},"end":{"line":133,"column":6}},"locations":[{"start":{"line":121,"column":31},"end":{"line":133,"column":6}}]},"14":{"type":"branch","line":122,"loc":{"start":{"line":122,"column":20},"end":{"line":133,"column":6}},"locations":[{"start":{"line":122,"column":20},"end":{"line":133,"column":6}}]},"15":{"type":"branch","line":135,"loc":{"start":{"line":135,"column":14},"end":{"line":175,"column":7}},"locations":[{"start":{"line":135,"column":14},"end":{"line":175,"column":7}}]},"16":{"type":"branch","line":138,"loc":{"start":{"line":138,"column":35},"end":{"line":169,"column":10}},"locations":[{"start":{"line":138,"column":35},"end":{"line":169,"column":10}}]},"17":{"type":"branch","line":141,"loc":{"start":{"line":141,"column":42},"end":{"line":142,"column":41}},"locations":[{"start":{"line":141,"column":42},"end":{"line":142,"column":41}}]},"18":{"type":"branch","line":142,"loc":{"start":{"line":142,"column":37},"end":{"line":142,"column":43}},"locations":[{"start":{"line":142,"column":37},"end":{"line":142,"column":43}}]},"19":{"type":"branch","line":143,"loc":{"start":{"line":143,"column":62},"end":{"line":144,"column":49}},"locations":[{"start":{"line":143,"column":62},"end":{"line":144,"column":49}}]},"20":{"type":"branch","line":144,"loc":{"start":{"line":144,"column":23},"end":{"line":145,"column":70}},"locations":[{"start":{"line":144,"column":23},"end":{"line":145,"column":70}}]},"21":{"type":"branch","line":145,"loc":{"start":{"line":145,"column":37},"end":{"line":145,"column":70}},"locations":[{"start":{"line":145,"column":37},"end":{"line":145,"column":70}}]},"22":{"type":"branch","line":158,"loc":{"start":{"line":158,"column":29},"end":{"line":158,"column":50}},"locations":[{"start":{"line":158,"column":29},"end":{"line":158,"column":50}}]},"23":{"type":"branch","line":159,"loc":{"start":{"line":159,"column":14},"end":{"line":166,"column":22}},"locations":[{"start":{"line":159,"column":14},"end":{"line":166,"column":22}}]},"24":{"type":"branch","line":163,"loc":{"start":{"line":163,"column":52},"end":{"line":163,"column":74}},"locations":[{"start":{"line":163,"column":52},"end":{"line":163,"column":74}}]},"25":{"type":"branch","line":147,"loc":{"start":{"line":147,"column":60},"end":{"line":156,"column":20}},"locations":[{"start":{"line":147,"column":60},"end":{"line":156,"column":20}}]},"26":{"type":"branch","line":149,"loc":{"start":{"line":149,"column":30},"end":{"line":149,"column":37}},"locations":[{"start":{"line":149,"column":30},"end":{"line":149,"column":37}}]},"27":{"type":"branch","line":150,"loc":{"start":{"line":150,"column":41},"end":{"line":150,"column":48}},"locations":[{"start":{"line":150,"column":41},"end":{"line":150,"column":48}}]},"28":{"type":"branch","line":151,"loc":{"start":{"line":151,"column":40},"end":{"line":151,"column":47}},"locations":[{"start":{"line":151,"column":40},"end":{"line":151,"column":47}}]},"29":{"type":"branch","line":152,"loc":{"start":{"line":152,"column":40},"end":{"line":152,"column":47}},"locations":[{"start":{"line":152,"column":40},"end":{"line":152,"column":47}}]},"30":{"type":"branch","line":153,"loc":{"start":{"line":153,"column":52},"end":{"line":153,"column":59}},"locations":[{"start":{"line":153,"column":52},"end":{"line":153,"column":59}}]},"31":{"type":"branch","line":172,"loc":{"start":{"line":172,"column":15},"end":{"line":174,"column":10}},"locations":[{"start":{"line":172,"column":15},"end":{"line":174,"column":10}}]},"32":{"type":"branch","line":177,"loc":{"start":{"line":177,"column":25},"end":{"line":287,"column":6}},"locations":[{"start":{"line":177,"column":25},"end":{"line":287,"column":6}}]},"33":{"type":"branch","line":179,"loc":{"start":{"line":179,"column":25},"end":{"line":185,"column":9}},"locations":[{"start":{"line":179,"column":25},"end":{"line":185,"column":9}}]},"34":{"type":"branch","line":185,"loc":{"start":{"line":185,"column":8},"end":{"line":195,"column":23}},"locations":[{"start":{"line":185,"column":8},"end":{"line":195,"column":23}}]},"35":{"type":"branch","line":195,"loc":{"start":{"line":195,"column":23},"end":{"line":244,"column":41}},"locations":[{"start":{"line":195,"column":23},"end":{"line":244,"column":41}}]},"36":{"type":"branch","line":200,"loc":{"start":{"line":200,"column":20},"end":{"line":202,"column":45}},"locations":[{"start":{"line":200,"column":20},"end":{"line":202,"column":45}}]},"37":{"type":"branch","line":202,"loc":{"start":{"line":202,"column":41},"end":{"line":202,"column":78}},"locations":[{"start":{"line":202,"column":41},"end":{"line":202,"column":78}}]},"38":{"type":"branch","line":205,"loc":{"start":{"line":205,"column":31},"end":{"line":205,"column":46}},"locations":[{"start":{"line":205,"column":31},"end":{"line":205,"column":46}}]},"39":{"type":"branch","line":205,"loc":{"start":{"line":205,"column":40},"end":{"line":205,"column":57}},"locations":[{"start":{"line":205,"column":40},"end":{"line":205,"column":57}}]},"40":{"type":"branch","line":206,"loc":{"start":{"line":206,"column":25},"end":{"line":206,"column":41}},"locations":[{"start":{"line":206,"column":25},"end":{"line":206,"column":41}}]},"41":{"type":"branch","line":206,"loc":{"start":{"line":206,"column":34},"end":{"line":206,"column":55}},"locations":[{"start":{"line":206,"column":34},"end":{"line":206,"column":55}}]},"42":{"type":"branch","line":207,"loc":{"start":{"line":207,"column":34},"end":{"line":207,"column":52}},"locations":[{"start":{"line":207,"column":34},"end":{"line":207,"column":52}}]},"43":{"type":"branch","line":207,"loc":{"start":{"line":207,"column":43},"end":{"line":207,"column":68}},"locations":[{"start":{"line":207,"column":43},"end":{"line":207,"column":68}}]},"44":{"type":"branch","line":208,"loc":{"start":{"line":208,"column":30},"end":{"line":208,"column":51}},"locations":[{"start":{"line":208,"column":30},"end":{"line":208,"column":51}}]},"45":{"type":"branch","line":208,"loc":{"start":{"line":208,"column":39},"end":{"line":208,"column":70}},"locations":[{"start":{"line":208,"column":39},"end":{"line":208,"column":70}}]},"46":{"type":"branch","line":209,"loc":{"start":{"line":209,"column":30},"end":{"line":209,"column":51}},"locations":[{"start":{"line":209,"column":30},"end":{"line":209,"column":51}}]},"47":{"type":"branch","line":209,"loc":{"start":{"line":209,"column":39},"end":{"line":209,"column":70}},"locations":[{"start":{"line":209,"column":39},"end":{"line":209,"column":70}}]},"48":{"type":"branch","line":211,"loc":{"start":{"line":211,"column":24},"end":{"line":211,"column":51}},"locations":[{"start":{"line":211,"column":24},"end":{"line":211,"column":51}}]},"49":{"type":"branch","line":211,"loc":{"start":{"line":211,"column":33},"end":{"line":211,"column":76}},"locations":[{"start":{"line":211,"column":33},"end":{"line":211,"column":76}}]},"50":{"type":"branch","line":229,"loc":{"start":{"line":229,"column":14},"end":{"line":235,"column":22}},"locations":[{"start":{"line":229,"column":14},"end":{"line":235,"column":22}}]},"51":{"type":"branch","line":232,"loc":{"start":{"line":232,"column":52},"end":{"line":232,"column":74}},"locations":[{"start":{"line":232,"column":52},"end":{"line":232,"column":74}}]},"52":{"type":"branch","line":244,"loc":{"start":{"line":244,"column":37},"end":{"line":244,"column":74}},"locations":[{"start":{"line":244,"column":37},"end":{"line":244,"column":74}}]},"53":{"type":"branch","line":245,"loc":{"start":{"line":245,"column":16},"end":{"line":245,"column":29}},"locations":[{"start":{"line":245,"column":16},"end":{"line":245,"column":29}}]},"54":{"type":"branch","line":245,"loc":{"start":{"line":245,"column":29},"end":{"line":270,"column":13}},"locations":[{"start":{"line":245,"column":29},"end":{"line":270,"column":13}}]},"55":{"type":"branch","line":248,"loc":{"start":{"line":248,"column":36},"end":{"line":248,"column":54}},"locations":[{"start":{"line":248,"column":36},"end":{"line":248,"column":54}}]},"56":{"type":"branch","line":249,"loc":{"start":{"line":249,"column":47},"end":{"line":249,"column":67}},"locations":[{"start":{"line":249,"column":47},"end":{"line":249,"column":67}}]},"57":{"type":"branch","line":250,"loc":{"start":{"line":250,"column":46},"end":{"line":250,"column":69}},"locations":[{"start":{"line":250,"column":46},"end":{"line":250,"column":69}}]},"58":{"type":"branch","line":251,"loc":{"start":{"line":251,"column":46},"end":{"line":251,"column":69}},"locations":[{"start":{"line":251,"column":46},"end":{"line":251,"column":69}}]},"59":{"type":"branch","line":253,"loc":{"start":{"line":253,"column":46},"end":{"line":253,"column":75}},"locations":[{"start":{"line":253,"column":46},"end":{"line":253,"column":75}}]},"60":{"type":"branch","line":270,"loc":{"start":{"line":270,"column":12},"end":{"line":278,"column":10}},"locations":[{"start":{"line":270,"column":12},"end":{"line":278,"column":10}}]},"61":{"type":"branch","line":278,"loc":{"start":{"line":278,"column":10},"end":{"line":284,"column":18}},"locations":[{"start":{"line":278,"column":10},"end":{"line":284,"column":18}}]},"62":{"type":"branch","line":284,"loc":{"start":{"line":284,"column":8},"end":{"line":286,"column":9}},"locations":[{"start":{"line":284,"column":8},"end":{"line":286,"column":9}}]},"63":{"type":"branch","line":216,"loc":{"start":{"line":216,"column":25},"end":{"line":218,"column":76}},"locations":[{"start":{"line":216,"column":25},"end":{"line":218,"column":76}}]},"64":{"type":"branch","line":217,"loc":{"start":{"line":217,"column":29},"end":{"line":218,"column":76}},"locations":[{"start":{"line":217,"column":29},"end":{"line":218,"column":76}}]},"65":{"type":"branch","line":218,"loc":{"start":{"line":218,"column":70},"end":{"line":218,"column":76}},"locations":[{"start":{"line":218,"column":70},"end":{"line":218,"column":76}}]},"66":{"type":"branch","line":257,"loc":{"start":{"line":257,"column":25},"end":{"line":257,"column":55}},"locations":[{"start":{"line":257,"column":25},"end":{"line":257,"column":55}}]},"67":{"type":"branch","line":269,"loc":{"start":{"line":269,"column":25},"end":{"line":269,"column":56}},"locations":[{"start":{"line":269,"column":25},"end":{"line":269,"column":56}}]},"68":{"type":"branch","line":289,"loc":{"start":{"line":289,"column":29},"end":{"line":289,"column":53}},"locations":[{"start":{"line":289,"column":29},"end":{"line":289,"column":53}}]},"69":{"type":"branch","line":420,"loc":{"start":{"line":420,"column":63},"end":{"line":420,"column":71}},"locations":[{"start":{"line":420,"column":63},"end":{"line":420,"column":71}}]},"70":{"type":"branch","line":425,"loc":{"start":{"line":425,"column":59},"end":{"line":425,"column":67}},"locations":[{"start":{"line":425,"column":59},"end":{"line":425,"column":67}}]},"71":{"type":"branch","line":430,"loc":{"start":{"line":430,"column":59},"end":{"line":430,"column":67}},"locations":[{"start":{"line":430,"column":59},"end":{"line":430,"column":67}}]},"72":{"type":"branch","line":435,"loc":{"start":{"line":435,"column":65},"end":{"line":435,"column":73}},"locations":[{"start":{"line":435,"column":65},"end":{"line":435,"column":73}}]},"73":{"type":"branch","line":443,"loc":{"start":{"line":443,"column":-1},"end":{"line":443,"column":104}},"locations":[{"start":{"line":443,"column":-1},"end":{"line":443,"column":104}}]},"74":{"type":"branch","line":443,"loc":{"start":{"line":443,"column":58},"end":{"line":444,"column":90}},"locations":[{"start":{"line":443,"column":58},"end":{"line":444,"column":90}}]},"75":{"type":"branch","line":448,"loc":{"start":{"line":448,"column":-1},"end":{"line":448,"column":58}},"locations":[{"start":{"line":448,"column":-1},"end":{"line":448,"column":58}}]},"76":{"type":"branch","line":448,"loc":{"start":{"line":448,"column":54},"end":{"line":449,"column":60}},"locations":[{"start":{"line":448,"column":54},"end":{"line":449,"column":60}}]},"77":{"type":"branch","line":457,"loc":{"start":{"line":457,"column":58},"end":{"line":458,"column":90}},"locations":[{"start":{"line":457,"column":58},"end":{"line":458,"column":90}}]},"78":{"type":"branch","line":462,"loc":{"start":{"line":462,"column":54},"end":{"line":463,"column":60}},"locations":[{"start":{"line":462,"column":54},"end":{"line":463,"column":60}}]},"79":{"type":"branch","line":473,"loc":{"start":{"line":473,"column":61},"end":{"line":473,"column":79}},"locations":[{"start":{"line":473,"column":61},"end":{"line":473,"column":79}}]},"80":{"type":"branch","line":483,"loc":{"start":{"line":483,"column":61},"end":{"line":484,"column":77}},"locations":[{"start":{"line":483,"column":61},"end":{"line":484,"column":77}}]},"81":{"type":"branch","line":495,"loc":{"start":{"line":495,"column":61},"end":{"line":496,"column":77}},"locations":[{"start":{"line":495,"column":61},"end":{"line":496,"column":77}}]},"82":{"type":"branch","line":507,"loc":{"start":{"line":507,"column":61},"end":{"line":514,"column":54}},"locations":[{"start":{"line":507,"column":61},"end":{"line":514,"column":54}}]},"83":{"type":"branch","line":508,"loc":{"start":{"line":508,"column":68},"end":{"line":508,"column":75}},"locations":[{"start":{"line":508,"column":68},"end":{"line":508,"column":75}}]},"84":{"type":"branch","line":583,"loc":{"start":{"line":583,"column":42},"end":{"line":583,"column":72}},"locations":[{"start":{"line":583,"column":42},"end":{"line":583,"column":72}}]},"85":{"type":"branch","line":598,"loc":{"start":{"line":598,"column":46},"end":{"line":599,"column":71}},"locations":[{"start":{"line":598,"column":46},"end":{"line":599,"column":71}}]},"86":{"type":"branch","line":610,"loc":{"start":{"line":610,"column":46},"end":{"line":611,"column":67}},"locations":[{"start":{"line":610,"column":46},"end":{"line":611,"column":67}}]},"87":{"type":"branch","line":622,"loc":{"start":{"line":622,"column":46},"end":{"line":623,"column":67}},"locations":[{"start":{"line":622,"column":46},"end":{"line":623,"column":67}}]},"88":{"type":"branch","line":636,"loc":{"start":{"line":636,"column":46},"end":{"line":637,"column":73}},"locations":[{"start":{"line":636,"column":46},"end":{"line":637,"column":73}}]},"89":{"type":"branch","line":680,"loc":{"start":{"line":680,"column":41},"end":{"line":684,"column":34}},"locations":[{"start":{"line":680,"column":41},"end":{"line":684,"column":34}}]}},"b":{"0":[184],"1":[11],"2":[30],"3":[22],"4":[162],"5":[22],"6":[162],"7":[9],"8":[5],"9":[2],"10":[2],"11":[2],"12":[1],"13":[2],"14":[1],"15":[11],"16":[11],"17":[10],"18":[0],"19":[9],"20":[1],"21":[0],"22":[10],"23":[1],"24":[0],"25":[6],"26":[1],"27":[0],"28":[1],"29":[1],"30":[1],"31":[11],"32":[5],"33":[1],"34":[4],"35":[2],"36":[1],"37":[0],"38":[1],"39":[0],"40":[1],"41":[0],"42":[1],"43":[0],"44":[1],"45":[0],"46":[1],"47":[0],"48":[1],"49":[0],"50":[1],"51":[0],"52":[0],"53":[2],"54":[1],"55":[0],"56":[0],"57":[0],"58":[0],"59":[0],"60":[2],"61":[0],"62":[2],"63":[1],"64":[1],"65":[0],"66":[1],"67":[1],"68":[18],"69":[1],"70":[2],"71":[2],"72":[2],"73":[30],"74":[1],"75":[30],"76":[1],"77":[0],"78":[0],"79":[2],"80":[2],"81":[2],"82":[2],"83":[0],"84":[84],"85":[27],"86":[9],"87":[7],"88":[7],"89":[1]},"fnMap":{"0":{"name":"AffiliateLinksSection","decl":{"start":{"line":51,"column":37},"end":{"line":701,"column":2}},"loc":{"start":{"line":51,"column":37},"end":{"line":701,"column":2}},"line":51},"1":{"name":"resetForm","decl":{"start":{"line":67,"column":22},"end":{"line":75,"column":6}},"loc":{"start":{"line":67,"column":22},"end":{"line":75,"column":6}},"line":67},"2":{"name":"openCreate","decl":{"start":{"line":77,"column":23},"end":{"line":81,"column":6}},"loc":{"start":{"line":77,"column":23},"end":{"line":81,"column":6}},"line":77},"3":{"name":"openEdit","decl":{"start":{"line":83,"column":21},"end":{"line":93,"column":6}},"loc":{"start":{"line":83,"column":21},"end":{"line":93,"column":6}},"line":83},"4":{"name":"buildShareMessage","decl":{"start":{"line":95,"column":30},"end":{"line":103,"column":6}},"loc":{"start":{"line":95,"column":30},"end":{"line":103,"column":6}},"line":95},"5":{"name":"handleSendTelegram","decl":{"start":{"line":105,"column":31},"end":{"line":119,"column":6}},"loc":{"start":{"line":105,"column":31},"end":{"line":119,"column":6}},"line":105},"6":{"name":"handleSendWhatsApp","decl":{"start":{"line":121,"column":31},"end":{"line":133,"column":6}},"loc":{"start":{"line":121,"column":31},"end":{"line":133,"column":6}},"line":121},"7":{"name":"loadAffiliateLinks","decl":{"start":{"line":138,"column":35},"end":{"line":169,"column":10}},"loc":{"start":{"line":138,"column":35},"end":{"line":169,"column":10}},"line":138},"8":{"name":"handleSubmit","decl":{"start":{"line":177,"column":25},"end":{"line":287,"column":6}},"loc":{"start":{"line":177,"column":25},"end":{"line":287,"column":6}},"line":177},"9":{"name":"onClick","decl":{"start":{"line":473,"column":61},"end":{"line":473,"column":79}},"loc":{"start":{"line":473,"column":61},"end":{"line":473,"column":79}},"line":473},"10":{"name":"onClick","decl":{"start":{"line":483,"column":61},"end":{"line":484,"column":77}},"loc":{"start":{"line":483,"column":61},"end":{"line":484,"column":77}},"line":483},"11":{"name":"onClick","decl":{"start":{"line":495,"column":61},"end":{"line":496,"column":77}},"loc":{"start":{"line":495,"column":61},"end":{"line":496,"column":77}},"line":495},"12":{"name":"onClick","decl":{"start":{"line":507,"column":61},"end":{"line":514,"column":54}},"loc":{"start":{"line":507,"column":61},"end":{"line":514,"column":54}},"line":507},"13":{"name":"onOpenChange","decl":{"start":{"line":550,"column":30},"end":{"line":556,"column":18}},"loc":{"start":{"line":550,"column":30},"end":{"line":556,"column":18}},"line":550},"14":{"name":"onChange","decl":{"start":{"line":583,"column":42},"end":{"line":583,"column":72}},"loc":{"start":{"line":583,"column":42},"end":{"line":583,"column":72}},"line":583},"15":{"name":"onChange","decl":{"start":{"line":598,"column":46},"end":{"line":599,"column":71}},"loc":{"start":{"line":598,"column":46},"end":{"line":599,"column":71}},"line":598},"16":{"name":"onChange","decl":{"start":{"line":610,"column":46},"end":{"line":611,"column":67}},"loc":{"start":{"line":610,"column":46},"end":{"line":611,"column":67}},"line":610},"17":{"name":"onChange","decl":{"start":{"line":622,"column":46},"end":{"line":623,"column":67}},"loc":{"start":{"line":622,"column":46},"end":{"line":623,"column":67}},"line":622},"18":{"name":"onChange","decl":{"start":{"line":636,"column":46},"end":{"line":637,"column":73}},"loc":{"start":{"line":636,"column":46},"end":{"line":637,"column":73}},"line":636},"19":{"name":"onClick","decl":{"start":{"line":680,"column":41},"end":{"line":684,"column":34}},"loc":{"start":{"line":680,"column":41},"end":{"line":684,"column":34}},"line":680}},"f":{"0":184,"1":9,"2":5,"3":2,"4":2,"5":2,"6":2,"7":11,"8":5,"9":2,"10":2,"11":2,"12":2,"13":0,"14":84,"15":27,"16":9,"17":7,"18":7,"19":1}}
,"/Users/naveen/Documents/ijpdealscraper/src/components/dashboard/DealCard.tsx": {"path":"/Users/naveen/Documents/ijpdealscraper/src/components/dashboard/DealCard.tsx","all":false,"statementMap":{"0":{"start":{"line":1,"column":0},"end":{"line":1,"column":57}},"13":{"start":{"line":14,"column":0},"end":{"line":14,"column":26}},"14":{"start":{"line":15,"column":0},"end":{"line":15,"column":10}},"15":{"start":{"line":16,"column":0},"end":{"line":16,"column":13}},"16":{"start":{"line":17,"column":0},"end":{"line":17,"column":13}},"17":{"start":{"line":18,"column":0},"end":{"line":18,"column":13}},"18":{"start":{"line":19,"column":0},"end":{"line":19,"column":14}},"19":{"start":{"line":20,"column":0},"end":{"line":20,"column":22}},"20":{"start":{"line":21,"column":0},"end":{"line":21,"column":12}},"21":{"start":{"line":22,"column":0},"end":{"line":22,"column":191}},"23":{"start":{"line":24,"column":0},"end":{"line":24,"column":118}},"25":{"start":{"line":26,"column":0},"end":{"line":26,"column":79}},"28":{"start":{"line":29,"column":0},"end":{"line":29,"column":83}},"29":{"start":{"line":30,"column":0},"end":{"line":30,"column":148}},"30":{"start":{"line":31,"column":0},"end":{"line":31,"column":74}},"35":{"start":{"line":36,"column":0},"end":{"line":36,"column":159}},"36":{"start":{"line":37,"column":0},"end":{"line":37,"column":34}},"38":{"start":{"line":39,"column":0},"end":{"line":39,"column":22}},"39":{"start":{"line":40,"column":0},"end":{"line":40,"column":39}},"40":{"start":{"line":41,"column":0},"end":{"line":41,"column":115}},"42":{"start":{"line":43,"column":0},"end":{"line":43,"column":30}},"46":{"start":{"line":47,"column":0},"end":{"line":47,"column":172}},"49":{"start":{"line":50,"column":0},"end":{"line":50,"column":43}},"50":{"start":{"line":51,"column":0},"end":{"line":51,"column":57}},"51":{"start":{"line":52,"column":0},"end":{"line":52,"column":85}},"52":{"start":{"line":53,"column":0},"end":{"line":53,"column":104}},"53":{"start":{"line":54,"column":0},"end":{"line":54,"column":34}},"56":{"start":{"line":57,"column":0},"end":{"line":57,"column":145}},"57":{"start":{"line":58,"column":0},"end":{"line":58,"column":27}},"59":{"start":{"line":60,"column":0},"end":{"line":60,"column":23}},"60":{"start":{"line":61,"column":0},"end":{"line":61,"column":37}},"61":{"start":{"line":62,"column":0},"end":{"line":62,"column":29}},"62":{"start":{"line":63,"column":0},"end":{"line":63,"column":167}},"63":{"start":{"line":64,"column":0},"end":{"line":64,"column":33}},"64":{"start":{"line":65,"column":0},"end":{"line":65,"column":57}},"66":{"start":{"line":67,"column":0},"end":{"line":67,"column":46}},"67":{"start":{"line":68,"column":0},"end":{"line":68,"column":131}},"72":{"start":{"line":73,"column":0},"end":{"line":73,"column":212}},"75":{"start":{"line":76,"column":0},"end":{"line":76,"column":2}}},"s":{"0":1,"13":1,"14":3,"15":3,"16":3,"17":3,"18":3,"19":3,"20":3,"21":3,"23":3,"25":3,"28":3,"29":3,"30":3,"35":3,"36":3,"38":3,"39":3,"40":3,"42":3,"46":3,"49":3,"50":3,"51":3,"52":3,"53":3,"56":3,"57":3,"59":3,"60":3,"61":3,"62":3,"63":3,"64":3,"66":3,"67":3,"72":3,"75":3},"branchMap":{"0":{"type":"branch","line":14,"loc":{"start":{"line":14,"column":24},"end":{"line":76,"column":2}},"locations":[{"start":{"line":14,"column":24},"end":{"line":76,"column":2}}]},"1":{"type":"branch","line":65,"loc":{"start":{"line":65,"column":29},"end":{"line":65,"column":57}},"locations":[{"start":{"line":65,"column":29},"end":{"line":65,"column":57}}]},"2":{"type":"branch","line":65,"loc":{"start":{"line":65,"column":35},"end":{"line":65,"column":57}},"locations":[{"start":{"line":65,"column":35},"end":{"line":65,"column":57}}]}},"b":{"0":[3],"1":[2],"2":[1]},"fnMap":{"0":{"name":"DealCard","decl":{"start":{"line":14,"column":24},"end":{"line":76,"column":2}},"loc":{"start":{"line":14,"column":24},"end":{"line":76,"column":2}},"line":14},"1":{"name":"onClick","decl":{"start":{"line":65,"column":29},"end":{"line":65,"column":57}},"loc":{"start":{"line":65,"column":29},"end":{"line":65,"column":57}},"line":65
[...]
:0},"end":{"line":142,"column":24}},"142":{"start":{"line":143,"column":0},"end":{"line":143,"column":25}},"143":{"start":{"line":144,"column":0},"end":{"line":144,"column":62}},"144":{"start":{"line":145,"column":0},"end":{"line":145,"column":76}},"145":{"start":{"line":146,"column":0},"end":{"line":146,"column":9}},"146":{"start":{"line":147,"column":0},"end":{"line":147,"column":5}},"147":{"start":{"line":148,"column":0},"end":{"line":148,"column":2}},"149":{"start":{"line":150,"column":0},"end":{"line":150,"column":47}},"150":{"start":{"line":151,"column":0},"end":{"line":151,"column":31}},"151":{"start":{"line":152,"column":0},"end":{"line":152,"column":55}},"152":{"start":{"line":153,"column":0},"end":{"line":153,"column":13}},"153":{"start":{"line":154,"column":0},"end":{"line":154,"column":45}},"154":{"start":{"line":155,"column":0},"end":{"line":155,"column":61}},"155":{"start":{"line":156,"column":0},"end":{"line":156,"column":29}},"156":{"start":{"line":157,"column":0},"end":{"line":157,"column":14}},"157":{"start":{"line":158,"column":0},"end":{"line":158,"column":37}},"158":{"start":{"line":159,"column":0},"end":{"line":159,"column":25}},"159":{"start":{"line":160,"column":0},"end":{"line":160,"column":61}},"160":{"start":{"line":161,"column":0},"end":{"line":161,"column":76}},"161":{"start":{"line":162,"column":0},"end":{"line":162,"column":9}},"162":{"start":{"line":163,"column":0},"end":{"line":163,"column":5}},"163":{"start":{"line":164,"column":0},"end":{"line":164,"column":2}},"165":{"start":{"line":166,"column":0},"end":{"line":166,"column":36}},"166":{"start":{"line":167,"column":0},"end":{"line":167,"column":22}},"167":{"start":{"line":168,"column":0},"end":{"line":168,"column":17}},"168":{"start":{"line":169,"column":0},"end":{"line":169,"column":15}},"169":{"start":{"line":170,"column":0},"end":{"line":170,"column":58}},"170":{"start":{"line":171,"column":0},"end":{"line":171,"column":61}},"171":{"start":{"line":172,"column":0},"end":{"line":172,"column":10}},"172":{"start":{"line":173,"column":0},"end":{"line":173,"column":56}},"173":{"start":{"line":174,"column":0},"end":{"line":174,"column":59}},"174":{"start":{"line":175,"column":0},"end":{"line":175,"column":10}},"175":{"start":{"line":176,"column":0},"end":{"line":176,"column":6}},"176":{"start":{"line":177,"column":0},"end":{"line":177,"column":33}},"177":{"start":{"line":178,"column":0},"end":{"line":178,"column":15}},"178":{"start":{"line":179,"column":0},"end":{"line":179,"column":29}},"179":{"start":{"line":180,"column":0},"end":{"line":180,"column":59}},"180":{"start":{"line":181,"column":0},"end":{"line":181,"column":50}},"181":{"start":{"line":182,"column":0},"end":{"line":182,"column":48}},"182":{"start":{"line":183,"column":0},"end":{"line":183,"column":14}},"183":{"start":{"line":184,"column":0},"end":{"line":184,"column":74}},"184":{"start":{"line":185,"column":0},"end":{"line":185,"column":51}},"185":{"start":{"line":186,"column":0},"end":{"line":186,"column":46}},"186":{"start":{"line":187,"column":0},"end":{"line":187,"column":14}},"187":{"start":{"line":188,"column":0},"end":{"line":188,"column":73}},"188":{"start":{"line":189,"column":0},"end":{"line":189,"column":51}},"189":{"start":{"line":190,"column":0},"end":{"line":190,"column":51}},"190":{"start":{"line":191,"column":0},"end":{"line":191,"column":14}},"191":{"start":{"line":192,"column":0},"end":{"line":192,"column":26}},"192":{"start":{"line":193,"column":0},"end":{"line":193,"column":56}},"193":{"start":{"line":194,"column":0},"end":{"line":194,"column":47}},"194":{"start":{"line":195,"column":0},"end":{"line":195,"column":45}},"195":{"start":{"line":196,"column":0},"end":{"line":196,"column":14}},"196":{"start":{"line":197,"column":0},"end":{"line":197,"column":71}},"197":{"start":{"line":198,"column":0},"end":{"line":198,"column":48}},"198":{"start":{"line":199,"column":0},"end":{"line":199,"column":43}},"199":{"start":{"line":200,"column":0},"end":{"line":200,"column":14}},"200":{"start":{"line":201,"column":0},"end":{"line":201,"column":70}},"201":{"start":{"line":202,"column":0},"end":{"line":202,"column":48}},"202":{"start":{"line":203,"column":0},"end":{"line":203,"column":48}},"203":{"start":{"line":204,"column":0},"end":{"line":204,"column":14}},"204":{"start":{"line":205,"column":0},"end":{"line":205,"column":24}},"205":{"start":{"line":206,"column":0},"end":{"line":206,"column":54}},"206":{"start":{"line":207,"column":0},"end":{"line":207,"column":45}},"207":{"start":{"line":208,"column":0},"end":{"line":208,"column":43}},"208":{"start":{"line":209,"column":0},"end":{"line":209,"column":40}},"209":{"start":{"line":210,"column":0},"end":{"line":210,"column":14}},"210":{"start":{"line":211,"column":0},"end":{"line":211,"column":69}},"211":{"start":{"line":212,"column":0},"end":{"line":212,"column":46}},"212":{"start":{"line":213,"column":0},"end":{"line":213,"column":29}},"213":{"start":{"line":214,"column":0},"end":{"line":214,"column":30}},"214":{"start":{"line":215,"column":0},"end":{"line":215,"column":50}},"215":{"start":{"line":216,"column":0},"end":{"line":216,"column":48}},"216":{"start":{"line":217,"column":0},"end":{"line":217,"column":39}},"217":{"start":{"line":218,"column":0},"end":{"line":218,"column":34}},"218":{"start":{"line":219,"column":0},"end":{"line":219,"column":34}},"219":{"start":{"line":220,"column":0},"end":{"line":220,"column":30}},"220":{"start":{"line":221,"column":0},"end":{"line":221,"column":50}},"221":{"start":{"line":222,"column":0},"end":{"line":222,"column":43}},"222":{"start":{"line":223,"column":0},"end":{"line":223,"column":33}},"223":{"start":{"line":224,"column":0},"end":{"line":224,"column":31}},"224":{"start":{"line":225,"column":0},"end":{"line":225,"column":39}},"225":{"start":{"line":226,"column":0},"end":{"line":226,"column":14}},"226":{"start":{"line":227,"column":0},"end":{"line":227,"column":68}},"227":{"start":{"line":228,"column":0},"end":{"line":228,"column":46}},"228":{"start":{"line":229,"column":0},"end":{"line":229,"column":46}},"229":{"start":{"line":230,"column":0},"end":{"line":230,"column":40}},"230":{"start":{"line":231,"column":0},"end":{"line":231,"column":14}},"231":{"start":{"line":232,"column":0},"end":{"line":232,"column":28}},"232":{"start":{"line":233,"column":0},"end":{"line":233,"column":55}},"233":{"start":{"line":234,"column":0},"end":{"line":234,"column":49}},"234":{"start":{"line":235,"column":0},"end":{"line":235,"column":41}},"235":{"start":{"line":236,"column":0},"end":{"line":236,"column":14}},"236":{"start":{"line":237,"column":0},"end":{"line":237,"column":57}},"237":{"start":{"line":238,"column":0},"end":{"line":238,"column":50}},"238":{"start":{"line":239,"column":0},"end":{"line":239,"column":14}},"239":{"start":{"line":240,"column":0},"end":{"line":240,"column":69}},"240":{"start":{"line":241,"column":0},"end":{"line":241,"column":50}},"241":{"start":{"line":242,"column":0},"end":{"line":242,"column":44}},"242":{"start":{"line":243,"column":0},"end":{"line":243,"column":14}},"243":{"start":{"line":244,"column":0},"end":{"line":244,"column":30}},"244":{"start":{"line":245,"column":0},"end":{"line":245,"column":56}},"245":{"start":{"line":246,"column":0},"end":{"line":246,"column":50}},"246":{"start":{"line":247,"column":0},"end":{"line":247,"column":41}},"247":{"start":{"line":248,"column":0},"end":{"line":248,"column":14}},"248":{"start":{"line":249,"column":0},"end":{"line":249,"column":58}},"249":{"start":{"line":250,"column":0},"end":{"line":250,"column":51}},"250":{"start":{"line":251,"column":0},"end":{"line":251,"column":14}},"251":{"start":{"line":252,"column":0},"end":{"line":252,"column":70}},"252":{"start":{"line":253,"column":0},"end":{"line":253,"column":51}},"253":{"start":{"line":254,"column":0},"end":{"line":254,"column":44}},"254":{"start":{"line":255,"column":0},"end":{"line":255,"column":14}},"255":{"start":{"line":256,"column":0},"end":{"line":256,"column":29}},"256":{"start":{"line":257,"column":0},"end":{"line":257,"column":56}},"257":{"start":{"line":258,"column":0},"end":{"line":258,"column":50}},"258":{"start":{"line":259,"column":0},"end":{"line":259,"column":41}},"259":{"start":{"line":260,"column":0},"end":{"line":260,"column":14}},"260":{"start":{"line":261,"column":0},"end":{"line":261,"column":58}},"261":{"start":{"line":262,"column":0},"end":{"line":262,"column":51}},"262":{"start":{"line":263,"column":0},"end":{"line":263,"column":14}},"263":{"start":{"line":264,"column":0},"end":{"line":264,"column":70}},"264":{"start":{"line":265,"column":0},"end":{"line":265,"column":51}},"265":{"start":{"line":266,"column":0},"end":{"line":266,"column":44}},"266":{"start":{"line":267,"column":0},"end":{"line":267,"column":14}},"267":{"start":{"line":268,"column":0},"end":{"line":268,"column":30}},"268":{"start":{"line":269,"column":0},"end":{"line":269,"column":57}},"269":{"start":{"line":270,"column":0},"end":{"line":270,"column":51}},"270":{"start":{"line":271,"column":0},"end":{"line":271,"column":43}},"271":{"start":{"line":272,"column":0},"end":{"line":272,"column":14}},"272":{"start":{"line":273,"column":0},"end":{"line":273,"column":59}},"273":{"start":{"line":274,"column":0},"end":{"line":274,"column":52}},"274":{"start":{"line":275,"column":0},"end":{"line":275,"column":14}},"275":{"start":{"line":276,"column":0},"end":{"line":276,"column":71}},"276":{"start":{"line":277,"column":0},"end":{"line":277,"column":52}},"277":{"start":{"line":278,"column":0},"end":{"line":278,"column":46}},"278":{"start":{"line":279,"column":0},"end":{"line":279,"column":14}},"279":{"start":{"line":280,"column":0},"end":{"line":280,"column":32}},"280":{"start":{"line":281,"column":0},"end":{"line":281,"column":58}},"281":{"start":{"line":282,"column":0},"end":{"line":282,"column":52}},"282":{"start":{"line":283,"column":0},"end":{"line":283,"column":43}},"283":{"start":{"line":284,"column":0},"end":{"line":284,"column":14}},"284":{"start":{"line":285,"column":0},"end":{"line":285,"column":60}},"285":{"start":{"line":286,"column":0},"end":{"line":286,"column":53}},"286":{"start":{"line":287,"column":0},"end":{"line":287,"column":14}},"287":{"start":{"line":288,"column":0},"end":{"line":288,"column":72}},"288":{"start":{"line":289,"column":0},"end":{"line":289,"column":53}},"289":{"start":{"line":290,"column":0},"end":{"line":290,"column":46}},"290":{"start":{"line":291,"column":0},"end":{"line":291,"column":14}},"291":{"start":{"line":292,"column":0},"end":{"line":292,"column":31}},"292":{"start":{"line":293,"column":0},"end":{"line":293,"column":58}},"293":{"start":{"line":294,"column":0},"end":{"line":294,"column":52}},"294":{"start":{"line":295,"column":0},"end":{"line":295,"column":43}},"295":{"start":{"line":296,"column":0},"end":{"line":296,"column":14}},"296":{"start":{"line":297,"column":0},"end":{"line":297,"column":60}},"297":{"start":{"line":298,"column":0},"end":{"line":298,"column":53}},"298":{"start":{"line":299,"column":0},"end":{"line":299,"column":14}},"299":{"start":{"line":300,"column":0},"end":{"line":300,"column":72}},"300":{"start":{"line":301,"column":0},"end":{"line":301,"column":53}},"301":{"start":{"line":302,"column":0},"end":{"line":302,"column":46}},"302":{"start":{"line":303,"column":0},"end":{"line":303,"column":14}},"303":{"start":{"line":304,"column":0},"end":{"line":304,"column":30}},"304":{"start":{"line":305,"column":0},"end":{"line":305,"column":65}},"305":{"start":{"line":306,"column":0},"end":{"line":306,"column":60}},"306":{"start":{"line":307,"column":0},"end":{"line":307,"column":58}},"307":{"start":{"line":308,"column":0},"end":{"line":308,"column":18}},"308":{"start":{"line":309,"column":0},"end":{"line":309,"column":35}},"309":{"start":{"line":310,"column":0},"end":{"line":310,"column":58}},"310":{"start":{"line":311,"column":0},"end":{"line":311,"column":50}},"311":{"start":{"line":312,"column":0},"end":{"line":312,"column":17}},"312":{"start":{"line":313,"column":0},"end":{"line":313,"column":14}},"313":{"start":{"line":314,"column":0},"end":{"line":314,"column":72}},"314":{"start":{"line":315,"column":0},"end":{"line":315,"column":60}},"315":{"start":{"line":316,"column":0},"end":{"line":316,"column":50}},"316":{"start":{"line":317,"column":0},"end":{"line":317,"column":18}},"317":{"start":{"line":318,"column":0},"end":{"line":318,"column":35}},"318":{"start":{"line":319,"column":0},"end":{"line":319,"column":77}},"319":{"start":{"line":320,"column":0},"end":{"line":320,"column":17}},"320":{"start":{"line":321,"column":0},"end":{"line":321,"column":14}},"321":{"start":{"line":322,"column":0},"end":{"line":322,"column":66}},"322":{"start":{"line":323,"column":0},"end":{"line":323,"column":30}},"323":{"start":{"line":324,"column":0},"end":{"line":324,"column":46}},"324":{"start":{"line":325,"column":0},"end":{"line":325,"column":50}},"325":{"start":{"line":326,"column":0},"end":{"line":326,"column":18}},"326":{"start":{"line":327,"column":0},"end":{"line":327,"column":60}},"327":{"start":{"line":328,"column":0},"end":{"line":328,"column":58}},"328":{"start":{"line":329,"column":0},"end":{"line":329,"column":18}},"329":{"start":{"line":330,"column":0},"end":{"line":330,"column":35}},"330":{"start":{"line":331,"column":0},"end":{"line":331,"column":67}},"331":{"start":{"line":332,"column":0},"end":{"line":332,"column":58}},"332":{"start":{"line":333,"column":0},"end":{"line":333,"column":51}},"333":{"start":{"line":334,"column":0},"end":{"line":334,"column":17}},"334":{"start":{"line":335,"column":0},"end":{"line":335,"column":15}},"335":{"start":{"line":336,"column":0},"end":{"line":336,"column":6}},"336":{"start":{"line":337,"column":0},"end":{"line":337,"column":3}},"338":{"start":{"line":339,"column":0},"end":{"line":339,"column":75}},"339":{"start":{"line":340,"column":0},"end":{"line":340,"column":27}},"340":{"start":{"line":341,"column":0},"end":{"line":341,"column":38}}},"s":{"0":1,"3":1,"4":1,"5":1,"6":1,"7":1,"8":1,"9":1,"10":1,"11":1,"12":1,"13":1,"14":1,"15":1,"16":1,"17":1,"18":1,"19":1,"20":1,"21":1,"22":1,"23":1,"24":1,"25":1,"26":1,"27":1,"28":1,"30":1,"31":1,"32":1,"33":0,"34":0,"35":0,"36":0,"37":0,"38":0,"39":0,"40":0,"41":1,"43":1,"44":1,"45":1,"46":0,"47":0,"48":0,"49":0,"50":0,"51":0,"52":0,"53":0,"54":1,"56":1,"57":1,"58":1,"59":3,"60":3,"61":3,"62":3,"63":2,"64":3,"65":1,"66":1,"67":1,"68":3,"69":1,"71":1,"72":1,"73":1,"74":0,"75":0,"76":0,"77":0,"78":0,"79":0,"80":0,"81":0,"82":1,"84":1,"85":1,"86":1,"87":0,"88":0,"89":0,"90":0,"91":0,"92":0,"93":0,"94":0,"95":1,"97":1,"98":1,"99":1,"100":0,"101":0,"102":0,"103":0,"104":0,"105":0,"106":0,"107":0,"108":1,"110":1,"111":1,"112":1,"113":0,"114":0,"115":0,"116":0,"117":0,"118":0,"119":0,"120":0,"121":1,"123":1,"124":1,"125":1,"126":0,"127":0,"128":0,"129":0,"130":0,"131":0,"132":0,"133":0,"134":1,"136":1,"137":1,"138":1,"139":0,"140":0,"141":0,"142":0,"143":0,"144":0,"145":0,"146":0,"147":1,"149":1,"150":1,"151":1,"152":0,"153":0,"154":0,"155":0,"156":0,"157":0,"158":0,"159":0,"160":0,"161":0,"162":0,"163":1,"165":1,"166":1,"167":1,"168":1,"169":1,"170":0,"171":1,"172":1,"173":0,"174":1,"175":1,"176":1,"177":1,"178":1,"179":1,"180":0,"181":0,"182":1,"183":1,"184":0,"185":0,"186":1,"187":1,"188":0,"189":0,"190":1,"191":1,"192":1,"193":0,"194":0,"195":1,"196":1,"197":0,"198":0,"199":1,"200":1,"201":0,"202":0,"203":1,"204":1,"205":1,"206":3,"207":3,"208":3,"209":1,"210":1,"211":2,"212":2,"213":2,"214":2,"215":2,"216":2,"217":2,"218":2,"219":2,"220":2,"221":2,"222":2,"223":2,"224":2,"225":1,"226":1,"227":1,"228":1,"229":1,"230":1,"231":1,"232":1,"233":0,"234":0,"235":1,"236":1,"237":0,"238":1,"239":1,"240":0,"241":0,"242":1,"243":1,"244":1,"245":0,"246":0,"247":1,"248":1,"249":0,"250":1,"251":1,"252":0,"253":0,"254":1,"255":1,"256":1,"257":0,"258":0,"259":1,"260":1,"261":0,"262":1,"263":1,"264":0,"265":0,"266":1,"267":1,"268":1,"269":0,"270":0,"271":1,"272":1,"273":0,"274":1,"275":1,"276":0,"277":0,"278":1,"279":1,"280":1,"281":0,"282":0,"283":1,"284":1,"285":0,"286":1,"287":1,"288":0,"289":0,"290":1,"291":1,"292":1,"293":0,"294":0,"295":1,"296":1,"297":0,"298":1,"299":1,"300":0,"301":0,"302":1,"303":1,"304":1,"305":0,"306":0,"307":0,"308":0,"309":0,"310":0,"311":0,"312":1,"313":1,"314":0,"315":0,"316":0,"317":0,"318":0,"319":0,"320":1,"321":1,"322":0,"323":0,"324":0,"325":0,"326":0,"327":0,"328":0,"329":0,"330":0,"331":0,"332":0,"333":0,"334":1,"335":1,"336":1,"338":1,"339":1,"340":1},"branchMap":{"0":{"type":"branch","line":59,"loc":{"start":{"line":59,"column":4},"end":{"line":69,"column":5}},"locations":[{"start":{"line":59,"column":4},"end":{"line":69,"column":5}}]},"1":{"type":"branch","line":63,"loc":{"start":{"line":63,"column":13},"end":{"line":65,"column":10}},"locations":[{"start":{"line":63,"column":13},"end":{"line":65,"column":10}}]},"2":{"type":"branch","line":65,"loc":{"start":{"line":65,"column":10},"end":{"line":68,"column":9}},"locations":[{"start":{"line":65,"column":10},"end":{"line":68,"column":9}}]},"3":{"type":"branch","line":67,"loc":{"start":{"line":67,"column":56},"end":{"line":67,"column":74}},"locations":[{"start":{"line":67,"column":56},"end":{"line":67,"column":74}}]},"4":{"type":"branch","line":177,"loc":{"start":{"line":177,"column":19},"end":{"line":336,"column":5}},"locations":[{"start":{"line":177,"column":19},"end":{"line":336,"column":5}}]},"5":{"type":"branch","line":206,"loc":{"start":{"line":206,"column":42},"end":{"line":210,"column":13}},"locations":[{"start":{"line":206,"column":42},"end":{"line":210,"column":13}}]},"6":{"type":"branch","line":211,"loc":{"start":{"line":211,"column":44},"end":{"line":226,"column":13}},"locations":[{"start":{"line":211,"column":44},"end":{"line":226,"column":13}}]},"7":{"type":"branch","line":218,"loc":{"start":{"line":218,"column":24},"end":{"line":218,"column":33}},"locations":[{"start":{"line":218,"column":24},"end":{"line":218,"column":33}}]},"8":{"type":"branch","line":224,"loc":{"start":{"line":224,"column":24},"end":{"line":224,"column":30}},"locations":[{"start":{"line":224,"column":24},"end":{"line":224,"column":30}}]},"9":{"type":"branch","line":227,"loc":{"start":{"line":227,"column":43},"end":{"line":231,"column":13}},"locations":[{"start":{"line":227,"column":43},"end":{"line":231,"column":13}}]}},"b":{"0":[3],"1":[2],"2":[1],"3":[0],"4":[1],"5":[3],"6":[2],"7":[0],"8":[0],"9":[1]},"fnMap":{"0":{"name":"setIsOpenScrapperSelectPopup","decl":{"start":{"line":170,"column":38},"end":{"line":172,"column":9}},"loc":{"start":{"line":170,"column":38},"end":{"line":172,"column":9}},"line":170},"1":{"name":"setIsOpenAddSchedulerPopup","decl":{"start":{"line":173,"column":36},"end":{"line":175,"column":9}},"loc":{"start":{"line":173,"column":36},"end":{"line":175,"column":9}},"line":173},"2":{"name":"extraReducers","decl":{"start":{"line":177,"column":19},"end":{"line":336,"column":5}},"loc":{"start":{"line":177,"column":19},"end":{"line":336,"column":5}},"line":177}},"f":{"0":0,"1":0,"2":1}}
,"/Users/naveen/Documents/ijpdealscraper/src/test/msw/handlers.ts": {"path":"/Users/naveen/Documents/ijpdealscraper/src/test/msw/handlers.ts","all":false,"statementMap":{"0":{"start":{"line":1,"column":0},"end":{"line":1,"column":41}},"2":{"start":{"line":3,"column":0},"end":{"line":3,"column":25}},"3":{"start":{"line":4,"column":0},"end":{"line":4,"column":43}},"4":{"start":{"line":5,"column":0},"end":{"line":5,"column":65}},"5":{"start":{"line":6,"column":0},"end":{"line":6,"column":7}},"6":{"start":{"line":7,"column":0},"end":{"line":7,"column":2}}},"s":{"0":1,"2":1,"3":1,"4":0,"5":0,"6":1},"branchMap":{},"b":{},"fnMap":{},"f":{}}
,"/Users/naveen/Documents/ijpdealscraper/src/test/msw/server.ts": {"path":"/Users/naveen/Documents/ijpdealscraper/src/test/msw/server.ts","all":false,"statementMap":{"0":{"start":{"line":1,"column":0},"end":{"line":1,"column":39}},"3":{"start":{"line":4,"column":0},"end":{"line":4,"column":47}}},"s":{"0":1,"3":1},"branchMap":{},"b":{},"fnMap":{},"f":{}}
}
